This file contains any messages produced by compilers while
running configure, to aid debugging if configure makes a mistake.

It was created by POV-Ray configure 3.7.0.8, which was
generated by GNU Autoconf 2.69.  Invocation command line was

  $ ./configure COMPILED_BY=Raihan raihantayeb@gmail.com

## --------- ##
## Platform. ##
## --------- ##

hostname = raihan
uname -m = x86_64
uname -r = 5.4.0-80-generic
uname -s = Linux
uname -v = #90~18.04.1-Ubuntu SMP Tue Jul 13 19:40:02 UTC 2021

/usr/bin/uname -p = unknown
/bin/uname -X     = unknown

/bin/arch              = unknown
/usr/bin/arch -k       = unknown
/usr/convex/getsysinfo = unknown
/usr/bin/hostinfo      = unknown
/bin/machine           = unknown
/usr/bin/oslevel       = unknown
/bin/universe          = unknown

PATH: /home/raihan/Desktop/projection/PetIBM-master/petibm-linux-dbg/bin
PATH: /home/raihan/bin
PATH: /usr/local/sbin
PATH: /usr/local/bin
PATH: /usr/sbin
PATH: /usr/bin
PATH: /sbin
PATH: /bin
PATH: /usr/games
PATH: /usr/local/games
PATH: /snap/bin
PATH: /home/raihan/Downloads/ParaView-5.9.0/bin


## ----------- ##
## Core tests. ##
## ----------- ##

configure:3726: result:
===============================================================================
Configure POV-Ray version 3.7.0.8
===============================================================================

This is an unofficial version compiled by:
 Raihan raihantayeb@gmail.com
The POV-Ray Team(tm) is not responsible for supporting this version.
configure:3747: result:
Environment
-----------
configure:3756: checking build system type
configure:3770: result: x86_64-pc-linux-gnu
configure:3790: checking host system type
configure:3803: result: x86_64-pc-linux-gnu
configure:3840: checking for a BSD-compatible install
configure:3908: result: /usr/bin/install -c
configure:3919: checking whether build environment is sane
configure:3974: result: yes
configure:4125: checking for a thread-safe mkdir -p
configure:4164: result: /bin/mkdir -p
configure:4171: checking for gawk
configure:4201: result: no
configure:4171: checking for mawk
configure:4187: found /usr/bin/mawk
configure:4198: result: mawk
configure:4209: checking whether make sets $(MAKE)
configure:4231: result: yes
configure:4260: checking whether make supports nested variables
configure:4277: result: yes
configure:4404: checking whether to enable maintainer-specific portions of Makefiles
configure:4413: result: no
ax_fix_incorrect_path_regexp = :\.:
ax_fix_incorrect_path_old =
ax_fix_incorrect_path_new =
configure:4440: checking whether $C_INCLUDE_PATH contains the "." path
configure:4450: result: no
ax_fix_incorrect_path_regexp = :\.:
ax_fix_incorrect_path_old =
ax_fix_incorrect_path_new =
configure:4468: checking whether $CPLUS_INCLUDE_PATH contains the "." path
configure:4478: result: no
configure:4489: result:
Programs
--------
configure:4545: checking for gcc
configure:4561: found /usr/bin/gcc
configure:4572: result: gcc
configure:4801: checking for C compiler version
configure:4810: gcc --version >&5
gcc (Ubuntu 7.5.0-3ubuntu1~18.04) 7.5.0
Copyright (C) 2017 Free Software Foundation, Inc.
This is free software; see the source for copying conditions.  There is NO
warranty; not even for MERCHANTABILITY or FITNESS FOR A PARTICULAR PURPOSE.

configure:4821: $? = 0
configure:4810: gcc -v >&5
Using built-in specs.
COLLECT_GCC=gcc
COLLECT_LTO_WRAPPER=/usr/lib/gcc/x86_64-linux-gnu/7/lto-wrapper
OFFLOAD_TARGET_NAMES=nvptx-none
OFFLOAD_TARGET_DEFAULT=1
Target: x86_64-linux-gnu
Configured with: ../src/configure -v --with-pkgversion='Ubuntu 7.5.0-3ubuntu1~18.04' --with-bugurl=file:///usr/share/doc/gcc-7/README.Bugs --enable-languages=c,ada,c++,go,brig,d,fortran,objc,obj-c++ --prefix=/usr --with-gcc-major-version-only --program-suffix=-7 --program-prefix=x86_64-linux-gnu- --enable-shared --enable-linker-build-id --libexecdir=/usr/lib --without-included-gettext --enable-threads=posix --libdir=/usr/lib --enable-nls --enable-bootstrap --enable-clocale=gnu --enable-libstdcxx-debug --enable-libstdcxx-time=yes --with-default-libstdcxx-abi=new --enable-gnu-unique-object --disable-vtable-verify --enable-libmpx --enable-plugin --enable-default-pie --with-system-zlib --with-target-system-zlib --enable-objc-gc=auto --enable-multiarch --disable-werror --with-arch-32=i686 --with-abi=m64 --with-multilib-list=m32,m64,mx32 --enable-multilib --with-tune=generic --enable-offload-targets=nvptx-none --without-cuda-driver --enable-checking=release --build=x86_64-linux-gnu --host=x86_64-linux-gnu --target=x86_64-linux-gnu
Thread model: posix
gcc version 7.5.0 (Ubuntu 7.5.0-3ubuntu1~18.04) 
configure:4821: $? = 0
configure:4810: gcc -V >&5
gcc: error: unrecognized command line option '-V'
gcc: fatal error: no input files
compilation terminated.
configure:4821: $? = 1
configure:4810: gcc -qversion >&5
gcc: error: unrecognized command line option '-qversion'; did you mean '--version'?
gcc: fatal error: no input files
compilation terminated.
configure:4821: $? = 1
configure:4841: checking whether the C compiler works
configure:4863: gcc    conftest.c  >&5
configure:4867: $? = 0
configure:4915: result: yes
configure:4918: checking for C compiler default output file name
configure:4920: result: a.out
configure:4926: checking for suffix of executables
configure:4933: gcc -o conftest    conftest.c  >&5
configure:4937: $? = 0
configure:4959: result: 
configure:4981: checking whether we are cross compiling
configure:4989: gcc -o conftest    conftest.c  >&5
configure:4993: $? = 0
configure:5000: ./conftest
configure:5004: $? = 0
configure:5019: result: no
configure:5024: checking for suffix of object files
configure:5046: gcc -c   conftest.c >&5
configure:5050: $? = 0
configure:5071: result: o
configure:5075: checking whether we are using the GNU C compiler
configure:5094: gcc -c   conftest.c >&5
configure:5094: $? = 0
configure:5103: result: yes
configure:5112: checking whether gcc accepts -g
configure:5132: gcc -c -g  conftest.c >&5
configure:5132: $? = 0
configure:5173: result: yes
configure:5190: checking for gcc option to accept ISO C89
configure:5253: gcc  -c   conftest.c >&5
configure:5253: $? = 0
configure:5266: result: none needed
configure:5291: checking whether gcc understands -c and -o together
configure:5313: gcc -c conftest.c -o conftest2.o
configure:5316: $? = 0
configure:5313: gcc -c conftest.c -o conftest2.o
configure:5316: $? = 0
configure:5328: result: yes
configure:5356: checking for style of include used by make
configure:5384: result: GNU
configure:5410: checking dependency style of gcc
configure:5521: result: gcc3
configure:5541: checking how to run the C preprocessor
configure:5572: gcc -E  conftest.c
configure:5572: $? = 0
configure:5586: gcc -E  conftest.c
conftest.c:13:10: fatal error: ac_nonexistent.h: No such file or directory
 #include <ac_nonexistent.h>
          ^~~~~~~~~~~~~~~~~~
compilation terminated.
configure:5586: $? = 1
configure: failed program was:
| /* confdefs.h */
| #define PACKAGE_NAME "POV-Ray"
| #define PACKAGE_TARNAME "povray"
| #define PACKAGE_VERSION "3.7.0.8"
| #define PACKAGE_STRING "POV-Ray 3.7.0.8"
| #define PACKAGE_BUGREPORT "unix-bugreports-2011@povray.org"
| #define PACKAGE_URL ""
| #define VERSION_BASE "3.7"
| #define DISTRIBUTION_MESSAGE_2 " Raihan raihantayeb@gmail.com"
| #define PACKAGE "povray"
| #define VERSION "3.7.0.8"
| /* end confdefs.h.  */
| #include <ac_nonexistent.h>
configure:5611: result: gcc -E
configure:5631: gcc -E  conftest.c
configure:5631: $? = 0
configure:5645: gcc -E  conftest.c
conftest.c:13:10: fatal error: ac_nonexistent.h: No such file or directory
 #include <ac_nonexistent.h>
          ^~~~~~~~~~~~~~~~~~
compilation terminated.
configure:5645: $? = 1
configure: failed program was:
| /* confdefs.h */
| #define PACKAGE_NAME "POV-Ray"
| #define PACKAGE_TARNAME "povray"
| #define PACKAGE_VERSION "3.7.0.8"
| #define PACKAGE_STRING "POV-Ray 3.7.0.8"
| #define PACKAGE_BUGREPORT "unix-bugreports-2011@povray.org"
| #define PACKAGE_URL ""
| #define VERSION_BASE "3.7"
| #define DISTRIBUTION_MESSAGE_2 " Raihan raihantayeb@gmail.com"
| #define PACKAGE "povray"
| #define VERSION "3.7.0.8"
| /* end confdefs.h.  */
| #include <ac_nonexistent.h>
configure:5677: checking for grep that handles long lines and -e
configure:5735: result: /bin/grep
configure:5740: checking for egrep
configure:5802: result: /bin/grep -E
configure:5807: checking for ANSI C header files
configure:5827: gcc -c   conftest.c >&5
configure:5827: $? = 0
configure:5900: gcc -o conftest    conftest.c  >&5
configure:5900: $? = 0
configure:5900: ./conftest
configure:5900: $? = 0
configure:5911: result: yes
configure:5924: checking for sys/types.h
configure:5924: gcc -c   conftest.c >&5
configure:5924: $? = 0
configure:5924: result: yes
configure:5924: checking for sys/stat.h
configure:5924: gcc -c   conftest.c >&5
configure:5924: $? = 0
configure:5924: result: yes
configure:5924: checking for stdlib.h
configure:5924: gcc -c   conftest.c >&5
configure:5924: $? = 0
configure:5924: result: yes
configure:5924: checking for string.h
configure:5924: gcc -c   conftest.c >&5
configure:5924: $? = 0
configure:5924: result: yes
configure:5924: checking for memory.h
configure:5924: gcc -c   conftest.c >&5
configure:5924: $? = 0
configure:5924: result: yes
configure:5924: checking for strings.h
configure:5924: gcc -c   conftest.c >&5
configure:5924: $? = 0
configure:5924: result: yes
configure:5924: checking for inttypes.h
configure:5924: gcc -c   conftest.c >&5
configure:5924: $? = 0
configure:5924: result: yes
configure:5924: checking for stdint.h
configure:5924: gcc -c   conftest.c >&5
configure:5924: $? = 0
configure:5924: result: yes
configure:5924: checking for unistd.h
configure:5924: gcc -c   conftest.c >&5
configure:5924: $? = 0
configure:5924: result: yes
configure:5938: checking for stdlib.h
configure:5938: result: yes
configure:6017: checking for g++
configure:6033: found /usr/bin/g++
configure:6044: result: g++
configure:6071: checking for C++ compiler version
configure:6080: g++ --version >&5
g++ (Ubuntu 7.5.0-3ubuntu1~18.04) 7.5.0
Copyright (C) 2017 Free Software Foundation, Inc.
This is free software; see the source for copying conditions.  There is NO
warranty; not even for MERCHANTABILITY or FITNESS FOR A PARTICULAR PURPOSE.

configure:6091: $? = 0
configure:6080: g++ -v >&5
Using built-in specs.
COLLECT_GCC=g++
COLLECT_LTO_WRAPPER=/usr/lib/gcc/x86_64-linux-gnu/7/lto-wrapper
OFFLOAD_TARGET_NAMES=nvptx-none
OFFLOAD_TARGET_DEFAULT=1
Target: x86_64-linux-gnu
Configured with: ../src/configure -v --with-pkgversion='Ubuntu 7.5.0-3ubuntu1~18.04' --with-bugurl=file:///usr/share/doc/gcc-7/README.Bugs --enable-languages=c,ada,c++,go,brig,d,fortran,objc,obj-c++ --prefix=/usr --with-gcc-major-version-only --program-suffix=-7 --program-prefix=x86_64-linux-gnu- --enable-shared --enable-linker-build-id --libexecdir=/usr/lib --without-included-gettext --enable-threads=posix --libdir=/usr/lib --enable-nls --enable-bootstrap --enable-clocale=gnu --enable-libstdcxx-debug --enable-libstdcxx-time=yes --with-default-libstdcxx-abi=new --enable-gnu-unique-object --disable-vtable-verify --enable-libmpx --enable-plugin --enable-default-pie --with-system-zlib --with-target-system-zlib --enable-objc-gc=auto --enable-multiarch --disable-werror --with-arch-32=i686 --with-abi=m64 --with-multilib-list=m32,m64,mx32 --enable-multilib --with-tune=generic --enable-offload-targets=nvptx-none --without-cuda-driver --enable-checking=release --build=x86_64-linux-gnu --host=x86_64-linux-gnu --target=x86_64-linux-gnu
Thread model: posix
gcc version 7.5.0 (Ubuntu 7.5.0-3ubuntu1~18.04) 
configure:6091: $? = 0
configure:6080: g++ -V >&5
g++: error: unrecognized command line option '-V'
g++: fatal error: no input files
compilation terminated.
configure:6091: $? = 1
configure:6080: g++ -qversion >&5
g++: error: unrecognized command line option '-qversion'; did you mean '--version'?
g++: fatal error: no input files
compilation terminated.
configure:6091: $? = 1
configure:6095: checking whether we are using the GNU C++ compiler
configure:6114: g++ -c   conftest.cpp >&5
configure:6114: $? = 0
configure:6123: result: yes
configure:6132: checking whether g++ accepts -g
configure:6152: g++ -c -g  conftest.cpp >&5
configure:6152: $? = 0
configure:6193: result: yes
configure:6218: checking dependency style of g++
configure:6329: result: gcc3
configure:6344: checking whether the g++ compiler works
configure:6358: g++ -o conftest    conftest.cpp  >&5
configure:6358: $? = 0
configure:6359: result: yes
configure:6379: checking how to run the C++ preprocessor
configure:6406: g++ -E  conftest.cpp
configure:6406: $? = 0
configure:6420: g++ -E  conftest.cpp
conftest.cpp:24:10: fatal error: ac_nonexistent.h: No such file or directory
 #include <ac_nonexistent.h>
          ^~~~~~~~~~~~~~~~~~
compilation terminated.
configure:6420: $? = 1
configure: failed program was:
| /* confdefs.h */
| #define PACKAGE_NAME "POV-Ray"
| #define PACKAGE_TARNAME "povray"
| #define PACKAGE_VERSION "3.7.0.8"
| #define PACKAGE_STRING "POV-Ray 3.7.0.8"
| #define PACKAGE_BUGREPORT "unix-bugreports-2011@povray.org"
| #define PACKAGE_URL ""
| #define VERSION_BASE "3.7"
| #define DISTRIBUTION_MESSAGE_2 " Raihan raihantayeb@gmail.com"
| #define PACKAGE "povray"
| #define VERSION "3.7.0.8"
| #define STDC_HEADERS 1
| #define HAVE_SYS_TYPES_H 1
| #define HAVE_SYS_STAT_H 1
| #define HAVE_STDLIB_H 1
| #define HAVE_STRING_H 1
| #define HAVE_MEMORY_H 1
| #define HAVE_STRINGS_H 1
| #define HAVE_INTTYPES_H 1
| #define HAVE_STDINT_H 1
| #define HAVE_UNISTD_H 1
| #define HAVE_STDLIB_H 1
| /* end confdefs.h.  */
| #include <ac_nonexistent.h>
configure:6445: result: g++ -E
configure:6465: g++ -E  conftest.cpp
configure:6465: $? = 0
configure:6479: g++ -E  conftest.cpp
conftest.cpp:24:10: fatal error: ac_nonexistent.h: No such file or directory
 #include <ac_nonexistent.h>
          ^~~~~~~~~~~~~~~~~~
compilation terminated.
configure:6479: $? = 1
configure: failed program was:
| /* confdefs.h */
| #define PACKAGE_NAME "POV-Ray"
| #define PACKAGE_TARNAME "povray"
| #define PACKAGE_VERSION "3.7.0.8"
| #define PACKAGE_STRING "POV-Ray 3.7.0.8"
| #define PACKAGE_BUGREPORT "unix-bugreports-2011@povray.org"
| #define PACKAGE_URL ""
| #define VERSION_BASE "3.7"
| #define DISTRIBUTION_MESSAGE_2 " Raihan raihantayeb@gmail.com"
| #define PACKAGE "povray"
| #define VERSION "3.7.0.8"
| #define STDC_HEADERS 1
| #define HAVE_SYS_TYPES_H 1
| #define HAVE_SYS_STAT_H 1
| #define HAVE_STDLIB_H 1
| #define HAVE_STRING_H 1
| #define HAVE_MEMORY_H 1
| #define HAVE_STRINGS_H 1
| #define HAVE_INTTYPES_H 1
| #define HAVE_STDINT_H 1
| #define HAVE_UNISTD_H 1
| #define HAVE_STDLIB_H 1
| /* end confdefs.h.  */
| #include <ac_nonexistent.h>
configure:6509: checking for C++ compiler vendor
configure:6533: g++ -c   conftest.cpp >&5
conftest.cpp: In function 'int main()':
conftest.cpp:30:7: error: 'thisisanerror' was not declared in this scope
       thisisanerror;
       ^~~~~~~~~~~~~
configure:6533: $? = 1
configure: failed program was:
| /* confdefs.h */
| #define PACKAGE_NAME "POV-Ray"
| #define PACKAGE_TARNAME "povray"
| #define PACKAGE_VERSION "3.7.0.8"
| #define PACKAGE_STRING "POV-Ray 3.7.0.8"
| #define PACKAGE_BUGREPORT "unix-bugreports-2011@povray.org"
| #define PACKAGE_URL ""
| #define VERSION_BASE "3.7"
| #define DISTRIBUTION_MESSAGE_2 " Raihan raihantayeb@gmail.com"
| #define PACKAGE "povray"
| #define VERSION "3.7.0.8"
| #define STDC_HEADERS 1
| #define HAVE_SYS_TYPES_H 1
| #define HAVE_SYS_STAT_H 1
| #define HAVE_STDLIB_H 1
| #define HAVE_STRING_H 1
| #define HAVE_MEMORY_H 1
| #define HAVE_STRINGS_H 1
| #define HAVE_INTTYPES_H 1
| #define HAVE_STDINT_H 1
| #define HAVE_UNISTD_H 1
| #define HAVE_STDLIB_H 1
| /* end confdefs.h.  */
| 
| int
| main ()
| {
| 
| #if !(defined(__ICC) || defined(__ECC) || defined(__INTEL_COMPILER))
|       thisisanerror;
| #endif
| 
|   ;
|   return 0;
| }
configure:6533: g++ -c   conftest.cpp >&5
conftest.cpp: In function 'int main()':
conftest.cpp:30:7: error: 'thisisanerror' was not declared in this scope
       thisisanerror;
       ^~~~~~~~~~~~~
configure:6533: $? = 1
configure: failed program was:
| /* confdefs.h */
| #define PACKAGE_NAME "POV-Ray"
| #define PACKAGE_TARNAME "povray"
| #define PACKAGE_VERSION "3.7.0.8"
| #define PACKAGE_STRING "POV-Ray 3.7.0.8"
| #define PACKAGE_BUGREPORT "unix-bugreports-2011@povray.org"
| #define PACKAGE_URL ""
| #define VERSION_BASE "3.7"
| #define DISTRIBUTION_MESSAGE_2 " Raihan raihantayeb@gmail.com"
| #define PACKAGE "povray"
| #define VERSION "3.7.0.8"
| #define STDC_HEADERS 1
| #define HAVE_SYS_TYPES_H 1
| #define HAVE_SYS_STAT_H 1
| #define HAVE_STDLIB_H 1
| #define HAVE_STRING_H 1
| #define HAVE_MEMORY_H 1
| #define HAVE_STRINGS_H 1
| #define HAVE_INTTYPES_H 1
| #define HAVE_STDINT_H 1
| #define HAVE_UNISTD_H 1
| #define HAVE_STDLIB_H 1
| /* end confdefs.h.  */
| 
| int
| main ()
| {
| 
| #if !(defined(__xlc__) || defined(__xlC__) || defined(__IBMC__) || defined(__IBMCPP__))
|       thisisanerror;
| #endif
| 
|   ;
|   return 0;
| }
configure:6533: g++ -c   conftest.cpp >&5
conftest.cpp: In function 'int main()':
conftest.cpp:30:7: error: 'thisisanerror' was not declared in this scope
       thisisanerror;
       ^~~~~~~~~~~~~
configure:6533: $? = 1
configure: failed program was:
| /* confdefs.h */
| #define PACKAGE_NAME "POV-Ray"
| #define PACKAGE_TARNAME "povray"
| #define PACKAGE_VERSION "3.7.0.8"
| #define PACKAGE_STRING "POV-Ray 3.7.0.8"
| #define PACKAGE_BUGREPORT "unix-bugreports-2011@povray.org"
| #define PACKAGE_URL ""
| #define VERSION_BASE "3.7"
| #define DISTRIBUTION_MESSAGE_2 " Raihan raihantayeb@gmail.com"
| #define PACKAGE "povray"
| #define VERSION "3.7.0.8"
| #define STDC_HEADERS 1
| #define HAVE_SYS_TYPES_H 1
| #define HAVE_SYS_STAT_H 1
| #define HAVE_STDLIB_H 1
| #define HAVE_STRING_H 1
| #define HAVE_MEMORY_H 1
| #define HAVE_STRINGS_H 1
| #define HAVE_INTTYPES_H 1
| #define HAVE_STDINT_H 1
| #define HAVE_UNISTD_H 1
| #define HAVE_STDLIB_H 1
| /* end confdefs.h.  */
| 
| int
| main ()
| {
| 
| #if !(defined(__PATHCC__) || defined(__PATHSCALE__))
|       thisisanerror;
| #endif
| 
|   ;
|   return 0;
| }
configure:6533: g++ -c   conftest.cpp >&5
configure:6533: $? = 0
configure:6540: result: gnu
configure:6549: checking for g++ version
try option -dumpversion with filter "/bin/grep -E [0-9]"
g++ -dumpversion < /dev/null > conftest.out 2>&1
7
configure:6578: result: 7
configure:6661: checking for ranlib
configure:6677: found /usr/bin/ranlib
configure:6688: result: ranlib
configure:6716: result:
Libraries
---------
configure:6722: checking whether to link with cygwin DLL
configure:6879: result: no
configure:6889: checking whether to enable static linking
configure:6978: result: no
configure:6997: g++ -o conftest  -v   conftest.cpp  >&5
Using built-in specs.
COLLECT_GCC=g++
COLLECT_LTO_WRAPPER=/usr/lib/gcc/x86_64-linux-gnu/7/lto-wrapper
OFFLOAD_TARGET_NAMES=nvptx-none
OFFLOAD_TARGET_DEFAULT=1
Target: x86_64-linux-gnu
Configured with: ../src/configure -v --with-pkgversion='Ubuntu 7.5.0-3ubuntu1~18.04' --with-bugurl=file:///usr/share/doc/gcc-7/README.Bugs --enable-languages=c,ada,c++,go,brig,d,fortran,objc,obj-c++ --prefix=/usr --with-gcc-major-version-only --program-suffix=-7 --program-prefix=x86_64-linux-gnu- --enable-shared --enable-linker-build-id --libexecdir=/usr/lib --without-included-gettext --enable-threads=posix --libdir=/usr/lib --enable-nls --enable-bootstrap --enable-clocale=gnu --enable-libstdcxx-debug --enable-libstdcxx-time=yes --with-default-libstdcxx-abi=new --enable-gnu-unique-object --disable-vtable-verify --enable-libmpx --enable-plugin --enable-default-pie --with-system-zlib --with-target-system-zlib --enable-objc-gc=auto --enable-multiarch --disable-werror --with-arch-32=i686 --with-abi=m64 --with-multilib-list=m32,m64,mx32 --enable-multilib --with-tune=generic --enable-offload-targets=nvptx-none --without-cuda-driver --enable-checking=release --build=x86_64-linux-gnu --host=x86_64-linux-gnu --target=x86_64-linux-gnu
Thread model: posix
gcc version 7.5.0 (Ubuntu 7.5.0-3ubuntu1~18.04) 
COLLECT_GCC_OPTIONS='-o' 'conftest' '-v' '-shared-libgcc' '-mtune=generic' '-march=x86-64'
 /usr/lib/gcc/x86_64-linux-gnu/7/cc1plus -quiet -v -imultiarch x86_64-linux-gnu -D_GNU_SOURCE conftest.cpp -quiet -dumpbase conftest.cpp -mtune=generic -march=x86-64 -auxbase conftest -version -fstack-protector-strong -Wformat -Wformat-security -o /tmp/ccZorYve.s
GNU C++14 (Ubuntu 7.5.0-3ubuntu1~18.04) version 7.5.0 (x86_64-linux-gnu)
	compiled by GNU C version 7.5.0, GMP version 6.1.2, MPFR version 4.0.1, MPC version 1.1.0, isl version isl-0.19-GMP

GGC heuristics: --param ggc-min-expand=100 --param ggc-min-heapsize=131072
ignoring duplicate directory "/usr/include/x86_64-linux-gnu/c++/7"
ignoring nonexistent directory "/usr/local/include/x86_64-linux-gnu"
ignoring nonexistent directory "/usr/lib/gcc/x86_64-linux-gnu/7/../../../../x86_64-linux-gnu/include"
#include "..." search starts here:
#include <...> search starts here:
 /usr/include/c++/7
 /usr/include/x86_64-linux-gnu/c++/7
 /usr/include/c++/7/backward
 /usr/lib/gcc/x86_64-linux-gnu/7/include
 /usr/local/include
 /usr/lib/gcc/x86_64-linux-gnu/7/include-fixed
 /usr/include/x86_64-linux-gnu
 /usr/include
End of search list.
GNU C++14 (Ubuntu 7.5.0-3ubuntu1~18.04) version 7.5.0 (x86_64-linux-gnu)
	compiled by GNU C version 7.5.0, GMP version 6.1.2, MPFR version 4.0.1, MPC version 1.1.0, isl version isl-0.19-GMP

GGC heuristics: --param ggc-min-expand=100 --param ggc-min-heapsize=131072
Compiler executable checksum: 3eb3dc290cd5714c3e1c3ae751116f07
COLLECT_GCC_OPTIONS='-o' 'conftest' '-v' '-shared-libgcc' '-mtune=generic' '-march=x86-64'
 as -v --64 -o /tmp/ccvKXYh9.o /tmp/ccZorYve.s
GNU assembler version 2.30 (x86_64-linux-gnu) using BFD version (GNU Binutils for Ubuntu) 2.30
COMPILER_PATH=/usr/lib/gcc/x86_64-linux-gnu/7/:/usr/lib/gcc/x86_64-linux-gnu/7/:/usr/lib/gcc/x86_64-linux-gnu/:/usr/lib/gcc/x86_64-linux-gnu/7/:/usr/lib/gcc/x86_64-linux-gnu/
LIBRARY_PATH=/home/raihan/Downloads/ParaView-5.9.0/lib/../lib/:/usr/lib/gcc/x86_64-linux-gnu/7/:/usr/lib/gcc/x86_64-linux-gnu/7/../../../x86_64-linux-gnu/:/usr/lib/gcc/x86_64-linux-gnu/7/../../../../lib/:/lib/x86_64-linux-gnu/:/lib/../lib/:/usr/lib/x86_64-linux-gnu/:/usr/lib/../lib/:./:/home/raihan/Downloads/ParaView-5.9.0/lib/:/usr/lib/gcc/x86_64-linux-gnu/7/../../../:/lib/:/usr/lib/
COLLECT_GCC_OPTIONS='-o' 'conftest' '-v' '-shared-libgcc' '-mtune=generic' '-march=x86-64'
 /usr/lib/gcc/x86_64-linux-gnu/7/collect2 -plugin /usr/lib/gcc/x86_64-linux-gnu/7/liblto_plugin.so -plugin-opt=/usr/lib/gcc/x86_64-linux-gnu/7/lto-wrapper -plugin-opt=-fresolution=/tmp/ccubJd53.res -plugin-opt=-pass-through=-lgcc_s -plugin-opt=-pass-through=-lgcc -plugin-opt=-pass-through=-lc -plugin-opt=-pass-through=-lgcc_s -plugin-opt=-pass-through=-lgcc --build-id --eh-frame-hdr -m elf_x86_64 --hash-style=gnu --as-needed -dynamic-linker /lib64/ld-linux-x86-64.so.2 -pie -z now -z relro -o conftest /usr/lib/gcc/x86_64-linux-gnu/7/../../../x86_64-linux-gnu/Scrt1.o /usr/lib/gcc/x86_64-linux-gnu/7/../../../x86_64-linux-gnu/crti.o /usr/lib/gcc/x86_64-linux-gnu/7/crtbeginS.o -L/home/raihan/Downloads/ParaView-5.9.0/lib/../lib -L/usr/lib/gcc/x86_64-linux-gnu/7 -L/usr/lib/gcc/x86_64-linux-gnu/7/../../../x86_64-linux-gnu -L/usr/lib/gcc/x86_64-linux-gnu/7/../../../../lib -L/lib/x86_64-linux-gnu -L/lib/../lib -L/usr/lib/x86_64-linux-gnu -L/usr/lib/../lib -L. -L/home/raihan/Downloads/ParaView-5.9.0/lib -L/usr/lib/gcc/x86_64-linux-gnu/7/../../.. /tmp/ccvKXYh9.o -lstdc++ -lm -lgcc_s -lgcc -lc -lgcc_s -lgcc /usr/lib/gcc/x86_64-linux-gnu/7/crtendS.o /usr/lib/gcc/x86_64-linux-gnu/7/../../../x86_64-linux-gnu/crtn.o
COLLECT_GCC_OPTIONS='-o' 'conftest' '-v' '-shared-libgcc' '-mtune=generic' '-march=x86-64'
configure:6997: $? = 0
configure:7171: checking for the pthreads library -lpthreads
configure:7204: gcc -o conftest     conftest.c -lpthreads  >&5
conftest.c: In function 'main':
conftest.c:33:22: warning: null argument where non-null required (argument 1) [-Wnonnull]
                      pthread_attr_init(0); pthread_cleanup_push(0, 0);
                      ^~~~~~~~~~~~~~~~~
conftest.c:34:22: warning: null argument where non-null required (argument 1) [-Wnonnull]
                      pthread_create(0,0,0,0); pthread_cleanup_pop(0);
                      ^~~~~~~~~~~~~~
conftest.c:34:22: warning: null argument where non-null required (argument 3) [-Wnonnull]
/usr/bin/ld: cannot find -lpthreads
collect2: error: ld returned 1 exit status
configure:7204: $? = 1
configure: failed program was:
| /* confdefs.h */
| #define PACKAGE_NAME "POV-Ray"
| #define PACKAGE_TARNAME "povray"
| #define PACKAGE_VERSION "3.7.0.8"
| #define PACKAGE_STRING "POV-Ray 3.7.0.8"
| #define PACKAGE_BUGREPORT "unix-bugreports-2011@povray.org"
| #define PACKAGE_URL ""
| #define VERSION_BASE "3.7"
| #define DISTRIBUTION_MESSAGE_2 " Raihan raihantayeb@gmail.com"
| #define PACKAGE "povray"
| #define VERSION "3.7.0.8"
| #define STDC_HEADERS 1
| #define HAVE_SYS_TYPES_H 1
| #define HAVE_SYS_STAT_H 1
| #define HAVE_STDLIB_H 1
| #define HAVE_STRING_H 1
| #define HAVE_MEMORY_H 1
| #define HAVE_STRINGS_H 1
| #define HAVE_INTTYPES_H 1
| #define HAVE_STDINT_H 1
| #define HAVE_UNISTD_H 1
| #define HAVE_STDLIB_H 1
| #define BUILD_ARCH "x86_64-pc-linux-gnu"
| #define COMPILER_VENDOR "gnu"
| #define COMPILER_VERSION "g++ 7"
| #define COMPILER_VER " (g++ 7 @ x86_64-pc-linux-gnu)"
| /* end confdefs.h.  */
| #include <pthread.h>
| int
| main ()
| {
| pthread_t th; pthread_join(th, 0);
|                      pthread_attr_init(0); pthread_cleanup_push(0, 0);
|                      pthread_create(0,0,0,0); pthread_cleanup_pop(0);
|   ;
|   return 0;
| }
configure:7213: result: no
configure:7116: checking whether pthreads work without any flags
configure:7204: gcc -o conftest     conftest.c   >&5
conftest.c: In function 'main':
conftest.c:33:22: warning: null argument where non-null required (argument 1) [-Wnonnull]
                      pthread_attr_init(0); pthread_cleanup_push(0, 0);
                      ^~~~~~~~~~~~~~~~~
conftest.c:34:22: warning: null argument where non-null required (argument 1) [-Wnonnull]
                      pthread_create(0,0,0,0); pthread_cleanup_pop(0);
                      ^~~~~~~~~~~~~~
conftest.c:34:22: warning: null argument where non-null required (argument 3) [-Wnonnull]
/tmp/cc6W5uVg.o: In function `main':
conftest.c:(.text+0x27): undefined reference to `pthread_join'
conftest.c:(.text+0x90): undefined reference to `__pthread_register_cancel'
conftest.c:(.text+0xa9): undefined reference to `pthread_create'
conftest.c:(.text+0xb5): undefined reference to `__pthread_unregister_cancel'
collect2: error: ld returned 1 exit status
configure:7204: $? = 1
configure: failed program was:
| /* confdefs.h */
| #define PACKAGE_NAME "POV-Ray"
| #define PACKAGE_TARNAME "povray"
| #define PACKAGE_VERSION "3.7.0.8"
| #define PACKAGE_STRING "POV-Ray 3.7.0.8"
| #define PACKAGE_BUGREPORT "unix-bugreports-2011@povray.org"
| #define PACKAGE_URL ""
| #define VERSION_BASE "3.7"
| #define DISTRIBUTION_MESSAGE_2 " Raihan raihantayeb@gmail.com"
| #define PACKAGE "povray"
| #define VERSION "3.7.0.8"
| #define STDC_HEADERS 1
| #define HAVE_SYS_TYPES_H 1
| #define HAVE_SYS_STAT_H 1
| #define HAVE_STDLIB_H 1
| #define HAVE_STRING_H 1
| #define HAVE_MEMORY_H 1
| #define HAVE_STRINGS_H 1
| #define HAVE_INTTYPES_H 1
| #define HAVE_STDINT_H 1
| #define HAVE_UNISTD_H 1
| #define HAVE_STDLIB_H 1
| #define BUILD_ARCH "x86_64-pc-linux-gnu"
| #define COMPILER_VENDOR "gnu"
| #define COMPILER_VERSION "g++ 7"
| #define COMPILER_VER " (g++ 7 @ x86_64-pc-linux-gnu)"
| /* end confdefs.h.  */
| #include <pthread.h>
| int
| main ()
| {
| pthread_t th; pthread_join(th, 0);
|                      pthread_attr_init(0); pthread_cleanup_push(0, 0);
|                      pthread_create(0,0,0,0); pthread_cleanup_pop(0);
|   ;
|   return 0;
| }
configure:7213: result: no
configure:7121: checking whether pthreads work with -Kthread
configure:7204: gcc -o conftest  -Kthread   conftest.c   >&5
gcc: error: unrecognized command line option '-Kthread'; did you mean '-pthread'?
configure:7204: $? = 1
configure: failed program was:
| /* confdefs.h */
| #define PACKAGE_NAME "POV-Ray"
| #define PACKAGE_TARNAME "povray"
| #define PACKAGE_VERSION "3.7.0.8"
| #define PACKAGE_STRING "POV-Ray 3.7.0.8"
| #define PACKAGE_BUGREPORT "unix-bugreports-2011@povray.org"
| #define PACKAGE_URL ""
| #define VERSION_BASE "3.7"
| #define DISTRIBUTION_MESSAGE_2 " Raihan raihantayeb@gmail.com"
| #define PACKAGE "povray"
| #define VERSION "3.7.0.8"
| #define STDC_HEADERS 1
| #define HAVE_SYS_TYPES_H 1
| #define HAVE_SYS_STAT_H 1
| #define HAVE_STDLIB_H 1
| #define HAVE_STRING_H 1
| #define HAVE_MEMORY_H 1
| #define HAVE_STRINGS_H 1
| #define HAVE_INTTYPES_H 1
| #define HAVE_STDINT_H 1
| #define HAVE_UNISTD_H 1
| #define HAVE_STDLIB_H 1
| #define BUILD_ARCH "x86_64-pc-linux-gnu"
| #define COMPILER_VENDOR "gnu"
| #define COMPILER_VERSION "g++ 7"
| #define COMPILER_VER " (g++ 7 @ x86_64-pc-linux-gnu)"
| /* end confdefs.h.  */
| #include <pthread.h>
| int
| main ()
| {
| pthread_t th; pthread_join(th, 0);
|                      pthread_attr_init(0); pthread_cleanup_push(0, 0);
|                      pthread_create(0,0,0,0); pthread_cleanup_pop(0);
|   ;
|   return 0;
| }
configure:7213: result: no
configure:7121: checking whether pthreads work with -kthread
configure:7204: gcc -o conftest  -kthread   conftest.c   >&5
gcc: error: unrecognized command line option '-kthread'; did you mean '-pthread'?
configure:7204: $? = 1
configure: failed program was:
| /* confdefs.h */
| #define PACKAGE_NAME "POV-Ray"
| #define PACKAGE_TARNAME "povray"
| #define PACKAGE_VERSION "3.7.0.8"
| #define PACKAGE_STRING "POV-Ray 3.7.0.8"
| #define PACKAGE_BUGREPORT "unix-bugreports-2011@povray.org"
| #define PACKAGE_URL ""
| #define VERSION_BASE "3.7"
| #define DISTRIBUTION_MESSAGE_2 " Raihan raihantayeb@gmail.com"
| #define PACKAGE "povray"
| #define VERSION "3.7.0.8"
| #define STDC_HEADERS 1
| #define HAVE_SYS_TYPES_H 1
| #define HAVE_SYS_STAT_H 1
| #define HAVE_STDLIB_H 1
| #define HAVE_STRING_H 1
| #define HAVE_MEMORY_H 1
| #define HAVE_STRINGS_H 1
| #define HAVE_INTTYPES_H 1
| #define HAVE_STDINT_H 1
| #define HAVE_UNISTD_H 1
| #define HAVE_STDLIB_H 1
| #define BUILD_ARCH "x86_64-pc-linux-gnu"
| #define COMPILER_VENDOR "gnu"
| #define COMPILER_VERSION "g++ 7"
| #define COMPILER_VER " (g++ 7 @ x86_64-pc-linux-gnu)"
| /* end confdefs.h.  */
| #include <pthread.h>
| int
| main ()
| {
| pthread_t th; pthread_join(th, 0);
|                      pthread_attr_init(0); pthread_cleanup_push(0, 0);
|                      pthread_create(0,0,0,0); pthread_cleanup_pop(0);
|   ;
|   return 0;
| }
configure:7213: result: no
configure:7171: checking for the pthreads library -llthread
configure:7204: gcc -o conftest     conftest.c -llthread  >&5
conftest.c: In function 'main':
conftest.c:33:22: warning: null argument where non-null required (argument 1) [-Wnonnull]
                      pthread_attr_init(0); pthread_cleanup_push(0, 0);
                      ^~~~~~~~~~~~~~~~~
conftest.c:34:22: warning: null argument where non-null required (argument 1) [-Wnonnull]
                      pthread_create(0,0,0,0); pthread_cleanup_pop(0);
                      ^~~~~~~~~~~~~~
conftest.c:34:22: warning: null argument where non-null required (argument 3) [-Wnonnull]
/usr/bin/ld: cannot find -llthread
collect2: error: ld returned 1 exit status
configure:7204: $? = 1
configure: failed program was:
| /* confdefs.h */
| #define PACKAGE_NAME "POV-Ray"
| #define PACKAGE_TARNAME "povray"
| #define PACKAGE_VERSION "3.7.0.8"
| #define PACKAGE_STRING "POV-Ray 3.7.0.8"
| #define PACKAGE_BUGREPORT "unix-bugreports-2011@povray.org"
| #define PACKAGE_URL ""
| #define VERSION_BASE "3.7"
| #define DISTRIBUTION_MESSAGE_2 " Raihan raihantayeb@gmail.com"
| #define PACKAGE "povray"
| #define VERSION "3.7.0.8"
| #define STDC_HEADERS 1
| #define HAVE_SYS_TYPES_H 1
| #define HAVE_SYS_STAT_H 1
| #define HAVE_STDLIB_H 1
| #define HAVE_STRING_H 1
| #define HAVE_MEMORY_H 1
| #define HAVE_STRINGS_H 1
| #define HAVE_INTTYPES_H 1
| #define HAVE_STDINT_H 1
| #define HAVE_UNISTD_H 1
| #define HAVE_STDLIB_H 1
| #define BUILD_ARCH "x86_64-pc-linux-gnu"
| #define COMPILER_VENDOR "gnu"
| #define COMPILER_VERSION "g++ 7"
| #define COMPILER_VER " (g++ 7 @ x86_64-pc-linux-gnu)"
| /* end confdefs.h.  */
| #include <pthread.h>
| int
| main ()
| {
| pthread_t th; pthread_join(th, 0);
|                      pthread_attr_init(0); pthread_cleanup_push(0, 0);
|                      pthread_create(0,0,0,0); pthread_cleanup_pop(0);
|   ;
|   return 0;
| }
configure:7213: result: no
configure:7121: checking whether pthreads work with -pthread
configure:7204: gcc -o conftest  -pthread   conftest.c   >&5
conftest.c: In function 'main':
conftest.c:33:22: warning: null argument where non-null required (argument 1) [-Wnonnull]
                      pthread_attr_init(0); pthread_cleanup_push(0, 0);
                      ^~~~~~~~~~~~~~~~~
conftest.c:34:22: warning: null argument where non-null required (argument 1) [-Wnonnull]
                      pthread_create(0,0,0,0); pthread_cleanup_pop(0);
                      ^~~~~~~~~~~~~~
conftest.c:34:22: warning: null argument where non-null required (argument 3) [-Wnonnull]
configure:7204: $? = 0
configure:7213: result: yes
configure:7232: checking for joinable pthread attribute
configure:7247: gcc -o conftest  -pthread   conftest.c   >&5
configure:7247: $? = 0
configure:7253: result: PTHREAD_CREATE_JOINABLE
configure:7263: checking if more special flags are required for pthreads
configure:7270: result: no
configure:7405: checking for boostlib >= 1.37
configure:7485: g++ -c  -pthread  -I/usr/include conftest.cpp >&5
configure:7485: $? = 0
configure:7487: result: yes
configure:7665: checking whether the Boost::Thread library is available
configure:7697: g++ -c -pthread  -pthread  -I/usr/include conftest.cpp >&5
configure:7697: $? = 0
configure:7712: result: yes
configure:7741: checking for exit in -lboost_thread
configure:7766: g++ -o conftest  -pthread  -I/usr/include  -L/usr/lib/x86_64-linux-gnu conftest.cpp -lboost_thread   -pthread  >&5
conftest.cpp:38:6: warning: declaration of 'char exit()' conflicts with built-in declaration 'void exit(int)' [-Wbuiltin-declaration-mismatch]
 char exit ();
      ^~~~
configure:7766: $? = 0
configure:7776: result: yes
configure:7911: checking whether the boost thread library is usable
configure:7944: g++ -o conftest  -pthread  -pthread -I/usr/include  -L/usr/lib/x86_64-linux-gnu conftest.cpp -lboost_thread  -pthread   >&5
/tmp/cc3hDCBR.o: In function `__static_initialization_and_destruction_0(int, int)':
conftest.cpp:(.text+0x70): undefined reference to `boost::system::generic_category()'
conftest.cpp:(.text+0x7c): undefined reference to `boost::system::generic_category()'
conftest.cpp:(.text+0x88): undefined reference to `boost::system::system_category()'
/tmp/cc3hDCBR.o: In function `boost::system::error_category::std_category::equivalent(int, std::error_condition const&) const':
conftest.cpp:(.text._ZNK5boost6system14error_category12std_category10equivalentEiRKSt15error_condition[_ZNK5boost6system14error_category12std_category10equivalentEiRKSt15error_condition]+0xb8): undefined reference to `boost::system::generic_category()'
conftest.cpp:(.text._ZNK5boost6system14error_category12std_category10equivalentEiRKSt15error_condition[_ZNK5boost6system14error_category12std_category10equivalentEiRKSt15error_condition]+0xf3): undefined reference to `boost::system::generic_category()'
/tmp/cc3hDCBR.o: In function `boost::system::error_category::std_category::equivalent(std::error_code const&, int) const':
conftest.cpp:(.text._ZNK5boost6system14error_category12std_category10equivalentERKSt10error_codei[_ZNK5boost6system14error_category12std_category10equivalentERKSt10error_codei]+0xb8): undefined reference to `boost::system::generic_category()'
conftest.cpp:(.text._ZNK5boost6system14error_category12std_category10equivalentERKSt10error_codei[_ZNK5boost6system14error_category12std_category10equivalentERKSt10error_codei]+0xf3): undefined reference to `boost::system::generic_category()'
conftest.cpp:(.text._ZNK5boost6system14error_category12std_category10equivalentERKSt10error_codei[_ZNK5boost6system14error_category12std_category10equivalentERKSt10error_codei]+0x1d2): undefined reference to `boost::system::generic_category()'
/tmp/cc3hDCBR.o:conftest.cpp:(.text._ZN5boost16thread_exceptionC2EiPKc[_ZN5boost16thread_exceptionC5EiPKc]+0x28): more undefined references to `boost::system::generic_category()' follow
collect2: error: ld returned 1 exit status
configure:7944: $? = 1
configure: program exited with status 1
configure: failed program was:
| /* confdefs.h */
| #define PACKAGE_NAME "POV-Ray"
| #define PACKAGE_TARNAME "povray"
| #define PACKAGE_VERSION "3.7.0.8"
| #define PACKAGE_STRING "POV-Ray 3.7.0.8"
| #define PACKAGE_BUGREPORT "unix-bugreports-2011@povray.org"
| #define PACKAGE_URL ""
| #define VERSION_BASE "3.7"
| #define DISTRIBUTION_MESSAGE_2 " Raihan raihantayeb@gmail.com"
| #define PACKAGE "povray"
| #define VERSION "3.7.0.8"
| #define STDC_HEADERS 1
| #define HAVE_SYS_TYPES_H 1
| #define HAVE_SYS_STAT_H 1
| #define HAVE_STDLIB_H 1
| #define HAVE_STRING_H 1
| #define HAVE_MEMORY_H 1
| #define HAVE_STRINGS_H 1
| #define HAVE_INTTYPES_H 1
| #define HAVE_STDINT_H 1
| #define HAVE_UNISTD_H 1
| #define HAVE_STDLIB_H 1
| #define BUILD_ARCH "x86_64-pc-linux-gnu"
| #define COMPILER_VENDOR "gnu"
| #define COMPILER_VERSION "g++ 7"
| #define COMPILER_VER " (g++ 7 @ x86_64-pc-linux-gnu)"
| #define HAVE_PTHREAD 1
| #define HAVE_BOOST /**/
| #define HAVE_BOOST_THREAD /**/
| /* end confdefs.h.  */
| 
| 
|       #include <boost/thread/thread.hpp>
| 
| int
| main ()
| {
| 
|       boost::mutex m;
|       boost::defer_lock_t();
|       return 0;
| 
|   ;
|   return 0;
| }
| 
configure:7944: g++ -o conftest  -pthread  -pthread -I/usr/include  -L/usr/lib/x86_64-linux-gnu conftest.cpp -lboost_thread  -pthread  -lboost_system >&5
configure:7944: $? = 0
configure:7944: ./conftest
configure:7944: $? = 0
configure:7946: result: yes
configure:7976: checking for sin in -lmkl
configure:8001: g++ -o conftest  -pthread  -pthread -I/usr/include  -L/usr/lib/x86_64-linux-gnu conftest.cpp -lmkl  -lboost_thread  -pthread  -lboost_system >&5
conftest.cpp:39:6: warning: declaration of 'char sin()' conflicts with built-in declaration 'double sin(double)' [-Wbuiltin-declaration-mismatch]
 char sin ();
      ^~~
/usr/bin/ld: cannot find -lmkl
collect2: error: ld returned 1 exit status
configure:8001: $? = 1
configure: failed program was:
| /* confdefs.h */
| #define PACKAGE_NAME "POV-Ray"
| #define PACKAGE_TARNAME "povray"
| #define PACKAGE_VERSION "3.7.0.8"
| #define PACKAGE_STRING "POV-Ray 3.7.0.8"
| #define PACKAGE_BUGREPORT "unix-bugreports-2011@povray.org"
| #define PACKAGE_URL ""
| #define VERSION_BASE "3.7"
| #define DISTRIBUTION_MESSAGE_2 " Raihan raihantayeb@gmail.com"
| #define PACKAGE "povray"
| #define VERSION "3.7.0.8"
| #define STDC_HEADERS 1
| #define HAVE_SYS_TYPES_H 1
| #define HAVE_SYS_STAT_H 1
| #define HAVE_STDLIB_H 1
| #define HAVE_STRING_H 1
| #define HAVE_MEMORY_H 1
| #define HAVE_STRINGS_H 1
| #define HAVE_INTTYPES_H 1
| #define HAVE_STDINT_H 1
| #define HAVE_UNISTD_H 1
| #define HAVE_STDLIB_H 1
| #define BUILD_ARCH "x86_64-pc-linux-gnu"
| #define COMPILER_VENDOR "gnu"
| #define COMPILER_VERSION "g++ 7"
| #define COMPILER_VER " (g++ 7 @ x86_64-pc-linux-gnu)"
| #define HAVE_PTHREAD 1
| #define HAVE_BOOST /**/
| #define HAVE_BOOST_THREAD /**/
| #define USE_OFFICIAL_BOOST /**/
| /* end confdefs.h.  */
| 
| /* Override any GCC internal prototype to avoid an error.
|    Use char because int might match the return type of a GCC
|    builtin and then its argument prototype would still apply.  */
| #ifdef __cplusplus
| extern "C"
| #endif
| char sin ();
| int
| main ()
| {
| return sin ();
|   ;
|   return 0;
| }
configure:8010: result: no
configure:8024: checking for sin in -lm
configure:8049: g++ -o conftest  -pthread  -pthread -I/usr/include  -L/usr/lib/x86_64-linux-gnu conftest.cpp -lm  -lboost_thread  -pthread  -lboost_system >&5
conftest.cpp:39:6: warning: declaration of 'char sin()' conflicts with built-in declaration 'double sin(double)' [-Wbuiltin-declaration-mismatch]
 char sin ();
      ^~~
configure:8049: $? = 0
configure:8058: result: yes
configure:8071: checking for clock_gettime in -lrt
configure:8096: g++ -o conftest  -pthread  -pthread -I/usr/include  -L/usr/lib/x86_64-linux-gnu conftest.cpp -lrt  -lm -lboost_thread  -pthread  -lboost_system >&5
configure:8096: $? = 0
configure:8105: result: yes
configure:8118: checking whether to use the ZLIB library
configure:8132: result: yes
configure:8144: checking for library containing zlibVersion
configure:8176: g++ -o conftest  -pthread  -pthread -I/usr/include  -L/usr/lib/x86_64-linux-gnu conftest.cpp -lrt -lm -lboost_thread  -pthread  -lboost_system >&5
/tmp/ccPflahf.o: In function `main':
conftest.cpp:(.text+0x5): undefined reference to `zlibVersion'
collect2: error: ld returned 1 exit status
configure:8176: $? = 1
configure: failed program was:
| /* confdefs.h */
| #define PACKAGE_NAME "POV-Ray"
| #define PACKAGE_TARNAME "povray"
| #define PACKAGE_VERSION "3.7.0.8"
| #define PACKAGE_STRING "POV-Ray 3.7.0.8"
| #define PACKAGE_BUGREPORT "unix-bugreports-2011@povray.org"
| #define PACKAGE_URL ""
| #define VERSION_BASE "3.7"
| #define DISTRIBUTION_MESSAGE_2 " Raihan raihantayeb@gmail.com"
| #define PACKAGE "povray"
| #define VERSION "3.7.0.8"
| #define STDC_HEADERS 1
| #define HAVE_SYS_TYPES_H 1
| #define HAVE_SYS_STAT_H 1
| #define HAVE_STDLIB_H 1
| #define HAVE_STRING_H 1
| #define HAVE_MEMORY_H 1
| #define HAVE_STRINGS_H 1
| #define HAVE_INTTYPES_H 1
| #define HAVE_STDINT_H 1
| #define HAVE_UNISTD_H 1
| #define HAVE_STDLIB_H 1
| #define BUILD_ARCH "x86_64-pc-linux-gnu"
| #define COMPILER_VENDOR "gnu"
| #define COMPILER_VERSION "g++ 7"
| #define COMPILER_VER " (g++ 7 @ x86_64-pc-linux-gnu)"
| #define HAVE_PTHREAD 1
| #define HAVE_BOOST /**/
| #define HAVE_BOOST_THREAD /**/
| #define USE_OFFICIAL_BOOST /**/
| #define HAVE_LIBM 1
| #define HAVE_LIBRT 1
| /* end confdefs.h.  */
| 
| /* Override any GCC internal prototype to avoid an error.
|    Use char because int might match the return type of a GCC
|    builtin and then its argument prototype would still apply.  */
| #ifdef __cplusplus
| extern "C"
| #endif
| char zlibVersion ();
| int
| main ()
| {
| return zlibVersion ();
|   ;
|   return 0;
| }
configure:8176: g++ -o conftest  -pthread  -pthread -I/usr/include  -L/usr/lib/x86_64-linux-gnu conftest.cpp -lz
   -lrt -lm -lboost_thread  -pthread  -lboost_system >&5
configure:8176: $? = 0
configure:8193: result: -lz
configure:8200: checking zlib.h usability
configure:8200: g++ -c  -pthread  -pthread -I/usr/include conftest.cpp >&5
configure:8200: $? = 0
configure:8200: result: yes
configure:8200: checking zlib.h presence
configure:8200: g++ -E  -pthread -I/usr/include conftest.cpp
configure:8200: $? = 0
configure:8200: result: yes
configure:8200: checking for zlib.h
configure:8200: result: yes
configure:8204: checking for libz version >= 1.2.1
configure:8226: g++ -o conftest  -pthread  -pthread -I/usr/include  -L/usr/lib/x86_64-linux-gnu conftest.cpp -lz -lrt -lm -lboost_thread  -pthread  -lboost_system >&5
configure:8226: $? = 0
configure:8226: ./conftest
1.2.11
configure:8226: $? = 0
configure:8265: result: 1.2.11, ok
configure:8305: checking whether to use the PNG library
configure:8319: result: yes
configure:8330: checking for library containing png_get_libpng_ver
configure:8362: g++ -o conftest  -pthread  -pthread -I/usr/include  -L/usr/lib/x86_64-linux-gnu conftest.cpp -lz -lrt -lm -lboost_thread  -pthread  -lboost_system >&5
/tmp/cccy5HZx.o: In function `main':
conftest.cpp:(.text+0x5): undefined reference to `png_get_libpng_ver'
collect2: error: ld returned 1 exit status
configure:8362: $? = 1
configure: failed program was:
| /* confdefs.h */
| #define PACKAGE_NAME "POV-Ray"
| #define PACKAGE_TARNAME "povray"
| #define PACKAGE_VERSION "3.7.0.8"
| #define PACKAGE_STRING "POV-Ray 3.7.0.8"
| #define PACKAGE_BUGREPORT "unix-bugreports-2011@povray.org"
| #define PACKAGE_URL ""
| #define VERSION_BASE "3.7"
| #define DISTRIBUTION_MESSAGE_2 " Raihan raihantayeb@gmail.com"
| #define PACKAGE "povray"
| #define VERSION "3.7.0.8"
| #define STDC_HEADERS 1
| #define HAVE_SYS_TYPES_H 1
| #define HAVE_SYS_STAT_H 1
| #define HAVE_STDLIB_H 1
| #define HAVE_STRING_H 1
| #define HAVE_MEMORY_H 1
| #define HAVE_STRINGS_H 1
| #define HAVE_INTTYPES_H 1
| #define HAVE_STDINT_H 1
| #define HAVE_UNISTD_H 1
| #define HAVE_STDLIB_H 1
| #define BUILD_ARCH "x86_64-pc-linux-gnu"
| #define COMPILER_VENDOR "gnu"
| #define COMPILER_VERSION "g++ 7"
| #define COMPILER_VER " (g++ 7 @ x86_64-pc-linux-gnu)"
| #define HAVE_PTHREAD 1
| #define HAVE_BOOST /**/
| #define HAVE_BOOST_THREAD /**/
| #define USE_OFFICIAL_BOOST /**/
| #define HAVE_LIBM 1
| #define HAVE_LIBRT 1
| /* end confdefs.h.  */
| 
| /* Override any GCC internal prototype to avoid an error.
|    Use char because int might match the return type of a GCC
|    builtin and then its argument prototype would still apply.  */
| #ifdef __cplusplus
| extern "C"
| #endif
| char png_get_libpng_ver ();
| int
| main ()
| {
| return png_get_libpng_ver ();
|   ;
|   return 0;
| }
configure:8362: g++ -o conftest  -pthread  -pthread -I/usr/include  -L/usr/lib/x86_64-linux-gnu conftest.cpp -lpng14
   -lz -lrt -lm -lboost_thread  -pthread  -lboost_system >&5
/usr/bin/ld: cannot find -lpng14
collect2: error: ld returned 1 exit status
configure:8362: $? = 1
configure: failed program was:
| /* confdefs.h */
| #define PACKAGE_NAME "POV-Ray"
| #define PACKAGE_TARNAME "povray"
| #define PACKAGE_VERSION "3.7.0.8"
| #define PACKAGE_STRING "POV-Ray 3.7.0.8"
| #define PACKAGE_BUGREPORT "unix-bugreports-2011@povray.org"
| #define PACKAGE_URL ""
| #define VERSION_BASE "3.7"
| #define DISTRIBUTION_MESSAGE_2 " Raihan raihantayeb@gmail.com"
| #define PACKAGE "povray"
| #define VERSION "3.7.0.8"
| #define STDC_HEADERS 1
| #define HAVE_SYS_TYPES_H 1
| #define HAVE_SYS_STAT_H 1
| #define HAVE_STDLIB_H 1
| #define HAVE_STRING_H 1
| #define HAVE_MEMORY_H 1
| #define HAVE_STRINGS_H 1
| #define HAVE_INTTYPES_H 1
| #define HAVE_STDINT_H 1
| #define HAVE_UNISTD_H 1
| #define HAVE_STDLIB_H 1
| #define BUILD_ARCH "x86_64-pc-linux-gnu"
| #define COMPILER_VENDOR "gnu"
| #define COMPILER_VERSION "g++ 7"
| #define COMPILER_VER " (g++ 7 @ x86_64-pc-linux-gnu)"
| #define HAVE_PTHREAD 1
| #define HAVE_BOOST /**/
| #define HAVE_BOOST_THREAD /**/
| #define USE_OFFICIAL_BOOST /**/
| #define HAVE_LIBM 1
| #define HAVE_LIBRT 1
| /* end confdefs.h.  */
| 
| /* Override any GCC internal prototype to avoid an error.
|    Use char because int might match the return type of a GCC
|    builtin and then its argument prototype would still apply.  */
| #ifdef __cplusplus
| extern "C"
| #endif
| char png_get_libpng_ver ();
| int
| main ()
| {
| return png_get_libpng_ver ();
|   ;
|   return 0;
| }
configure:8362: g++ -o conftest  -pthread  -pthread -I/usr/include  -L/usr/lib/x86_64-linux-gnu conftest.cpp -lpng
   -lz -lrt -lm -lboost_thread  -pthread  -lboost_system >&5
configure:8362: $? = 0
configure:8379: result: -lpng
configure:8386: checking png.h usability
configure:8386: g++ -c  -pthread  -pthread -I/usr/include conftest.cpp >&5
configure:8386: $? = 0
configure:8386: result: yes
configure:8386: checking png.h presence
configure:8386: g++ -E  -pthread -I/usr/include conftest.cpp
configure:8386: $? = 0
configure:8386: result: yes
configure:8386: checking for png.h
configure:8386: result: yes
configure:8390: checking for libpng version >= 1.2.5
configure:8412: g++ -o conftest  -pthread  -pthread -I/usr/include  -L/usr/lib/x86_64-linux-gnu conftest.cpp -lpng -lz -lrt -lm -lboost_thread  -pthread  -lboost_system >&5
configure:8412: $? = 0
configure:8412: ./conftest
1.6.34
configure:8412: $? = 0
configure:8451: result: 1.6.34, ok
configure:8498: checking whether to use the JPEG library
configure:8512: result: yes
configure:8526: checking for library containing jpeg_std_error
configure:8558: g++ -o conftest  -pthread  -pthread -I/usr/include  -L/usr/lib/x86_64-linux-gnu conftest.cpp -lpng -lz -lrt -lm -lboost_thread  -pthread  -lboost_system >&5
/tmp/ccVfA3OM.o: In function `main':
conftest.cpp:(.text+0x5): undefined reference to `jpeg_std_error'
collect2: error: ld returned 1 exit status
configure:8558: $? = 1
configure: failed program was:
| /* confdefs.h */
| #define PACKAGE_NAME "POV-Ray"
| #define PACKAGE_TARNAME "povray"
| #define PACKAGE_VERSION "3.7.0.8"
| #define PACKAGE_STRING "POV-Ray 3.7.0.8"
| #define PACKAGE_BUGREPORT "unix-bugreports-2011@povray.org"
| #define PACKAGE_URL ""
| #define VERSION_BASE "3.7"
| #define DISTRIBUTION_MESSAGE_2 " Raihan raihantayeb@gmail.com"
| #define PACKAGE "povray"
| #define VERSION "3.7.0.8"
| #define STDC_HEADERS 1
| #define HAVE_SYS_TYPES_H 1
| #define HAVE_SYS_STAT_H 1
| #define HAVE_STDLIB_H 1
| #define HAVE_STRING_H 1
| #define HAVE_MEMORY_H 1
| #define HAVE_STRINGS_H 1
| #define HAVE_INTTYPES_H 1
| #define HAVE_STDINT_H 1
| #define HAVE_UNISTD_H 1
| #define HAVE_STDLIB_H 1
| #define BUILD_ARCH "x86_64-pc-linux-gnu"
| #define COMPILER_VENDOR "gnu"
| #define COMPILER_VERSION "g++ 7"
| #define COMPILER_VER " (g++ 7 @ x86_64-pc-linux-gnu)"
| #define HAVE_PTHREAD 1
| #define HAVE_BOOST /**/
| #define HAVE_BOOST_THREAD /**/
| #define USE_OFFICIAL_BOOST /**/
| #define HAVE_LIBM 1
| #define HAVE_LIBRT 1
| /* end confdefs.h.  */
| 
| /* Override any GCC internal prototype to avoid an error.
|    Use char because int might match the return type of a GCC
|    builtin and then its argument prototype would still apply.  */
| #ifdef __cplusplus
| extern "C"
| #endif
| char jpeg_std_error ();
| int
| main ()
| {
| return jpeg_std_error ();
|   ;
|   return 0;
| }
configure:8558: g++ -o conftest  -pthread  -pthread -I/usr/include  -L/usr/lib/x86_64-linux-gnu conftest.cpp -ljpeg
   -lpng -lz -lrt -lm -lboost_thread  -pthread  -lboost_system >&5
configure:8558: $? = 0
configure:8575: result: -ljpeg
configure:8582: checking jpeglib.h usability
configure:8582: g++ -c  -pthread  -pthread -I/usr/include conftest.cpp >&5
configure:8582: $? = 0
configure:8582: result: yes
configure:8582: checking jpeglib.h presence
configure:8582: g++ -E  -pthread -I/usr/include conftest.cpp
configure:8582: $? = 0
configure:8582: result: yes
configure:8582: checking for jpeglib.h
configure:8582: result: yes
configure:8587: checking for libjpeg version >= 6b (62)
configure:8611: g++ -o conftest  -pthread  -pthread -I/usr/include  -L/usr/lib/x86_64-linux-gnu conftest.cpp -ljpeg -lpng -lz -lrt -lm -lboost_thread  -pthread  -lboost_system >&5
configure:8611: $? = 0
configure:8611: ./conftest
80
configure:8611: $? = 0
configure:8650: result: 80, ok
configure:8693: checking whether to use the TIFF library
configure:8707: result: yes
configure:8718: checking for library containing TIFFGetVersion
configure:8750: g++ -o conftest  -pthread  -pthread -I/usr/include  -L/usr/lib/x86_64-linux-gnu conftest.cpp -ljpeg -lpng -lz -lrt -lm -lboost_thread  -pthread  -lboost_system >&5
/tmp/ccbZCxy4.o: In function `main':
conftest.cpp:(.text+0x5): undefined reference to `TIFFGetVersion'
collect2: error: ld returned 1 exit status
configure:8750: $? = 1
configure: failed program was:
| /* confdefs.h */
| #define PACKAGE_NAME "POV-Ray"
| #define PACKAGE_TARNAME "povray"
| #define PACKAGE_VERSION "3.7.0.8"
| #define PACKAGE_STRING "POV-Ray 3.7.0.8"
| #define PACKAGE_BUGREPORT "unix-bugreports-2011@povray.org"
| #define PACKAGE_URL ""
| #define VERSION_BASE "3.7"
| #define DISTRIBUTION_MESSAGE_2 " Raihan raihantayeb@gmail.com"
| #define PACKAGE "povray"
| #define VERSION "3.7.0.8"
| #define STDC_HEADERS 1
| #define HAVE_SYS_TYPES_H 1
| #define HAVE_SYS_STAT_H 1
| #define HAVE_STDLIB_H 1
| #define HAVE_STRING_H 1
| #define HAVE_MEMORY_H 1
| #define HAVE_STRINGS_H 1
| #define HAVE_INTTYPES_H 1
| #define HAVE_STDINT_H 1
| #define HAVE_UNISTD_H 1
| #define HAVE_STDLIB_H 1
| #define BUILD_ARCH "x86_64-pc-linux-gnu"
| #define COMPILER_VENDOR "gnu"
| #define COMPILER_VERSION "g++ 7"
| #define COMPILER_VER " (g++ 7 @ x86_64-pc-linux-gnu)"
| #define HAVE_PTHREAD 1
| #define HAVE_BOOST /**/
| #define HAVE_BOOST_THREAD /**/
| #define USE_OFFICIAL_BOOST /**/
| #define HAVE_LIBM 1
| #define HAVE_LIBRT 1
| /* end confdefs.h.  */
| 
| /* Override any GCC internal prototype to avoid an error.
|    Use char because int might match the return type of a GCC
|    builtin and then its argument prototype would still apply.  */
| #ifdef __cplusplus
| extern "C"
| #endif
| char TIFFGetVersion ();
| int
| main ()
| {
| return TIFFGetVersion ();
|   ;
|   return 0;
| }
configure:8750: g++ -o conftest  -pthread  -pthread -I/usr/include  -L/usr/lib/x86_64-linux-gnu conftest.cpp -ltiff
   -ljpeg -lpng -lz -lrt -lm -lboost_thread  -pthread  -lboost_system >&5
configure:8750: $? = 0
configure:8767: result: -ltiff
configure:8774: checking tiffio.h usability
configure:8774: g++ -c  -pthread  -pthread -I/usr/include conftest.cpp >&5
configure:8774: $? = 0
configure:8774: result: yes
configure:8774: checking tiffio.h presence
configure:8774: g++ -E  -pthread -I/usr/include conftest.cpp
configure:8774: $? = 0
configure:8774: result: yes
configure:8774: checking for tiffio.h
configure:8774: result: yes
configure:8778: checking for libtiff version >= 3.6.1
configure:8809: g++ -o conftest  -pthread  -pthread -I/usr/include  -L/usr/lib/x86_64-linux-gnu conftest.cpp -ltiff -ljpeg -lpng -lz -lrt -lm -lboost_thread  -pthread  -lboost_system >&5
configure:8809: $? = 0
configure:8809: ./conftest
4.0.9
configure:8809: $? = 0
configure:8848: result: 4.0.9, ok
configure:8888: checking whether to use the OpenEXR library
configure:8894: result: yes
configure:8901: checking for pkg-config
configure:8917: found /usr/bin/pkg-config
configure:8928: result: pkg-config
configure:8940: checking for OpenEXR's pkg-config
configure:8945: result: not found
configure:9114: WARNING: all program features using the OpenEXR library are disabled
configure:9142: checking for X
configure:9331: result: libraries /usr/lib, headers /usr/include
configure:9351: checking whether -R must be followed by a space
configure:9367: g++ -o conftest  -pthread  -pthread -I/usr/include  -L/usr/lib/x86_64-linux-gnu conftest.cpp -ltiff -ljpeg -lpng -lz -lrt -lm -lboost_thread  -pthread  -lboost_system -R/usr/lib >&5
g++: error: unrecognized command line option '-R'
configure:9367: $? = 1
configure: failed program was:
| /* confdefs.h */
| #define PACKAGE_NAME "POV-Ray"
| #define PACKAGE_TARNAME "povray"
| #define PACKAGE_VERSION "3.7.0.8"
| #define PACKAGE_STRING "POV-Ray 3.7.0.8"
| #define PACKAGE_BUGREPORT "unix-bugreports-2011@povray.org"
| #define PACKAGE_URL ""
| #define VERSION_BASE "3.7"
| #define DISTRIBUTION_MESSAGE_2 " Raihan raihantayeb@gmail.com"
| #define PACKAGE "povray"
| #define VERSION "3.7.0.8"
| #define STDC_HEADERS 1
| #define HAVE_SYS_TYPES_H 1
| #define HAVE_SYS_STAT_H 1
| #define HAVE_STDLIB_H 1
| #define HAVE_STRING_H 1
| #define HAVE_MEMORY_H 1
| #define HAVE_STRINGS_H 1
| #define HAVE_INTTYPES_H 1
| #define HAVE_STDINT_H 1
| #define HAVE_UNISTD_H 1
| #define HAVE_STDLIB_H 1
| #define BUILD_ARCH "x86_64-pc-linux-gnu"
| #define COMPILER_VENDOR "gnu"
| #define COMPILER_VERSION "g++ 7"
| #define COMPILER_VER " (g++ 7 @ x86_64-pc-linux-gnu)"
| #define HAVE_PTHREAD 1
| #define HAVE_BOOST /**/
| #define HAVE_BOOST_THREAD /**/
| #define USE_OFFICIAL_BOOST /**/
| #define HAVE_LIBM 1
| #define HAVE_LIBRT 1
| #define OPENEXR_MISSING /**/
| /* end confdefs.h.  */
| 
| int
| main ()
| {
| 
|   ;
|   return 0;
| }
configure:9384: g++ -o conftest  -pthread  -pthread -I/usr/include  -L/usr/lib/x86_64-linux-gnu conftest.cpp -ltiff -ljpeg -lpng -lz -lrt -lm -lboost_thread  -pthread  -lboost_system -R /usr/lib >&5
g++: error: unrecognized command line option '-R'
configure:9384: $? = 1
configure: failed program was:
| /* confdefs.h */
| #define PACKAGE_NAME "POV-Ray"
| #define PACKAGE_TARNAME "povray"
| #define PACKAGE_VERSION "3.7.0.8"
| #define PACKAGE_STRING "POV-Ray 3.7.0.8"
| #define PACKAGE_BUGREPORT "unix-bugreports-2011@povray.org"
| #define PACKAGE_URL ""
| #define VERSION_BASE "3.7"
| #define DISTRIBUTION_MESSAGE_2 " Raihan raihantayeb@gmail.com"
| #define PACKAGE "povray"
| #define VERSION "3.7.0.8"
| #define STDC_HEADERS 1
| #define HAVE_SYS_TYPES_H 1
| #define HAVE_SYS_STAT_H 1
| #define HAVE_STDLIB_H 1
| #define HAVE_STRING_H 1
| #define HAVE_MEMORY_H 1
| #define HAVE_STRINGS_H 1
| #define HAVE_INTTYPES_H 1
| #define HAVE_STDINT_H 1
| #define HAVE_UNISTD_H 1
| #define HAVE_STDLIB_H 1
| #define BUILD_ARCH "x86_64-pc-linux-gnu"
| #define COMPILER_VENDOR "gnu"
| #define COMPILER_VERSION "g++ 7"
| #define COMPILER_VER " (g++ 7 @ x86_64-pc-linux-gnu)"
| #define HAVE_PTHREAD 1
| #define HAVE_BOOST /**/
| #define HAVE_BOOST_THREAD /**/
| #define USE_OFFICIAL_BOOST /**/
| #define HAVE_LIBM 1
| #define HAVE_LIBRT 1
| #define OPENEXR_MISSING /**/
| /* end confdefs.h.  */
| 
| int
| main ()
| {
| 
|   ;
|   return 0;
| }
configure:9389: result: neither works
configure:9430: g++ -o conftest  -pthread  -pthread -I/usr/include  -L/usr/lib/x86_64-linux-gnu conftest.cpp -ltiff -ljpeg -lpng -lz -lrt -lm -lboost_thread  -pthread  -lboost_system  -L/usr/lib -lX11 >&5
configure:9430: $? = 0
configure:9528: checking for gethostbyname
configure:9528: g++ -o conftest  -pthread  -pthread -I/usr/include  -L/usr/lib/x86_64-linux-gnu conftest.cpp -ltiff -ljpeg -lpng -lz -lrt -lm -lboost_thread  -pthread  -lboost_system >&5
configure:9528: $? = 0
configure:9528: result: yes
configure:9625: checking for connect
configure:9625: g++ -o conftest  -pthread  -pthread -I/usr/include  -L/usr/lib/x86_64-linux-gnu conftest.cpp -ltiff -ljpeg -lpng -lz -lrt -lm -lboost_thread  -pthread  -lboost_system >&5
configure:9625: $? = 0
configure:9625: result: yes
configure:9674: checking for remove
configure:9674: g++ -o conftest  -pthread  -pthread -I/usr/include  -L/usr/lib/x86_64-linux-gnu conftest.cpp -ltiff -ljpeg -lpng -lz -lrt -lm -lboost_thread  -pthread  -lboost_system >&5
configure:9674: $? = 0
configure:9674: result: yes
configure:9723: checking for shmat
configure:9723: g++ -o conftest  -pthread  -pthread -I/usr/include  -L/usr/lib/x86_64-linux-gnu conftest.cpp -ltiff -ljpeg -lpng -lz -lrt -lm -lboost_thread  -pthread  -lboost_system >&5
configure:9723: $? = 0
configure:9723: result: yes
configure:9781: checking for IceConnectionNumber in -lICE
configure:9806: g++ -o conftest  -pthread  -pthread -I/usr/include  -L/usr/lib/x86_64-linux-gnu -L/usr/lib conftest.cpp -lICE  -ltiff -ljpeg -lpng -lz -lrt -lm -lboost_thread  -pthread  -lboost_system >&5
configure:9806: $? = 0
configure:9815: result: yes
configure:9826: checking X11/Xlib.h usability
configure:9826: g++ -c  -pthread  -pthread -I/usr/include conftest.cpp >&5
configure:9826: $? = 0
configure:9826: result: yes
configure:9826: checking X11/Xlib.h presence
configure:9826: g++ -E  -pthread -I/usr/include conftest.cpp
configure:9826: $? = 0
configure:9826: result: yes
configure:9826: checking for X11/Xlib.h
configure:9826: result: yes
configure:9829: checking for XFlush in -lX11
configure:9855: g++ -o conftest  -pthread  -pthread -I/usr/include  -L/usr/lib/x86_64-linux-gnu conftest.cpp -lX11  -lSM -lICE  
         -ltiff -ljpeg -lpng -lz -lrt -lm -lboost_thread  -pthread  -lboost_system >&5
configure:9855: $? = 0
configure:9864: result: yes
configure:9895: checking X11/xpm.h usability
configure:9895: g++ -c  -pthread  -pthread -I/usr/include  -I/usr/include conftest.cpp >&5
configure:9895: $? = 0
configure:9895: result: yes
configure:9895: checking X11/xpm.h presence
configure:9895: g++ -E  -pthread -I/usr/include  -I/usr/include conftest.cpp
configure:9895: $? = 0
configure:9895: result: yes
configure:9895: checking for X11/xpm.h
configure:9895: result: yes
configure:9897: checking for XpmCreatePixmapFromData in -lXpm
configure:9922: g++ -o conftest  -pthread  -pthread -I/usr/include  -I/usr/include  -L/usr/lib/x86_64-linux-gnu  -L/usr/lib conftest.cpp -lXpm   -lSM -lICE -lX11  -ltiff -ljpeg -lpng -lz -lrt -lm -lboost_thread  -pthread  -lboost_system >&5
configure:9922: $? = 0
configure:9931: result: yes
configure:9945: checking whether to enable the watch cursor
configure:9970: result: no
configure:9996: checking for sdl-config
configure:10026: result: no
configure:10035: checking for libSDL
configure:10040: result: not found
configure:10170: WARNING: the preview display is disabled
configure:10183: result:
Language constructs and functions
---------------------------------
configure:10197: checking whether time.h and sys/time.h may both be included
configure:10217: g++ -c  -pthread  -pthread -I/usr/include  -I/usr/include conftest.cpp >&5
configure:10217: $? = 0
configure:10224: result: yes
configure:10235: checking time.h usability
configure:10235: g++ -c  -pthread  -pthread -I/usr/include  -I/usr/include conftest.cpp >&5
configure:10235: $? = 0
configure:10235: result: yes
configure:10235: checking time.h presence
configure:10235: g++ -E  -pthread -I/usr/include  -I/usr/include conftest.cpp
configure:10235: $? = 0
configure:10235: result: yes
configure:10235: checking for time.h
configure:10235: result: yes
configure:10235: checking limits.h usability
configure:10235: g++ -c  -pthread  -pthread -I/usr/include  -I/usr/include conftest.cpp >&5
configure:10235: $? = 0
configure:10235: result: yes
configure:10235: checking limits.h presence
configure:10235: g++ -E  -pthread -I/usr/include  -I/usr/include conftest.cpp
configure:10235: $? = 0
configure:10235: result: yes
configure:10235: checking for limits.h
configure:10235: result: yes
configure:10235: checking sys/resource.h usability
configure:10235: g++ -c  -pthread  -pthread -I/usr/include  -I/usr/include conftest.cpp >&5
configure:10235: $? = 0
configure:10235: result: yes
configure:10235: checking sys/resource.h presence
configure:10235: g++ -E  -pthread -I/usr/include  -I/usr/include conftest.cpp
configure:10235: $? = 0
configure:10235: result: yes
configure:10235: checking for sys/resource.h
configure:10235: result: yes
configure:10235: checking sys/time.h usability
configure:10235: g++ -c  -pthread  -pthread -I/usr/include  -I/usr/include conftest.cpp >&5
configure:10235: $? = 0
configure:10235: result: yes
configure:10235: checking sys/time.h presence
configure:10235: g++ -E  -pthread -I/usr/include  -I/usr/include conftest.cpp
configure:10235: $? = 0
configure:10235: result: yes
configure:10235: checking for sys/time.h
configure:10235: result: yes
configure:10235: checking for unistd.h
configure:10235: result: yes
configure:10246: checking for size_t
configure:10246: g++ -c  -pthread  -pthread -I/usr/include  -I/usr/include conftest.cpp >&5
configure:10246: $? = 0
configure:10246: g++ -c  -pthread  -pthread -I/usr/include  -I/usr/include conftest.cpp >&5
conftest.cpp: In function 'int main()':
conftest.cpp:78:20: error: expected primary-expression before ')' token
 if (sizeof ((size_t)))
                    ^
configure:10246: $? = 1
configure: failed program was:
| /* confdefs.h */
| #define PACKAGE_NAME "POV-Ray"
| #define PACKAGE_TARNAME "povray"
| #define PACKAGE_VERSION "3.7.0.8"
| #define PACKAGE_STRING "POV-Ray 3.7.0.8"
| #define PACKAGE_BUGREPORT "unix-bugreports-2011@povray.org"
| #define PACKAGE_URL ""
| #define VERSION_BASE "3.7"
| #define DISTRIBUTION_MESSAGE_2 " Raihan raihantayeb@gmail.com"
| #define PACKAGE "povray"
| #define VERSION "3.7.0.8"
| #define STDC_HEADERS 1
| #define HAVE_SYS_TYPES_H 1
| #define HAVE_SYS_STAT_H 1
| #define HAVE_STDLIB_H 1
| #define HAVE_STRING_H 1
| #define HAVE_MEMORY_H 1
| #define HAVE_STRINGS_H 1
| #define HAVE_INTTYPES_H 1
| #define HAVE_STDINT_H 1
| #define HAVE_UNISTD_H 1
| #define HAVE_STDLIB_H 1
| #define BUILD_ARCH "x86_64-pc-linux-gnu"
| #define COMPILER_VENDOR "gnu"
| #define COMPILER_VERSION "g++ 7"
| #define COMPILER_VER " (g++ 7 @ x86_64-pc-linux-gnu)"
| #define HAVE_PTHREAD 1
| #define HAVE_BOOST /**/
| #define HAVE_BOOST_THREAD /**/
| #define USE_OFFICIAL_BOOST /**/
| #define HAVE_LIBM 1
| #define HAVE_LIBRT 1
| #define OPENEXR_MISSING /**/
| #define HAVE_LIBXPM 1
| #define TIME_WITH_SYS_TIME 1
| #define HAVE_TIME_H 1
| #define HAVE_LIMITS_H 1
| #define HAVE_SYS_RESOURCE_H 1
| #define HAVE_SYS_TIME_H 1
| #define HAVE_UNISTD_H 1
| /* end confdefs.h.  */
| #include <stdio.h>
| #ifdef HAVE_SYS_TYPES_H
| # include <sys/types.h>
| #endif
| #ifdef HAVE_SYS_STAT_H
| # include <sys/stat.h>
| #endif
| #ifdef STDC_HEADERS
| # include <stdlib.h>
| # include <stddef.h>
| #else
| # ifdef HAVE_STDLIB_H
| #  include <stdlib.h>
| # endif
| #endif
| #ifdef HAVE_STRING_H
| # if !defined STDC_HEADERS && defined HAVE_MEMORY_H
| #  include <memory.h>
| # endif
| # include <string.h>
| #endif
| #ifdef HAVE_STRINGS_H
| # include <strings.h>
| #endif
| #ifdef HAVE_INTTYPES_H
| # include <inttypes.h>
| #endif
| #ifdef HAVE_STDINT_H
| # include <stdint.h>
| #endif
| #ifdef HAVE_UNISTD_H
| # include <unistd.h>
| #endif
| int
| main ()
| {
| if (sizeof ((size_t)))
| 	    return 0;
|   ;
|   return 0;
| }
configure:10246: result: yes
configure:10257: checking whether struct tm is in sys/time.h or time.h
configure:10277: g++ -c  -pthread  -pthread -I/usr/include  -I/usr/include conftest.cpp >&5
configure:10277: $? = 0
configure:10284: result: time.h
configure:10297: checking size of int
configure:10302: g++ -o conftest  -pthread  -pthread -I/usr/include  -I/usr/include  -L/usr/lib/x86_64-linux-gnu  -L/usr/lib conftest.cpp -lXpm  -lSM -lICE -lX11  -ltiff -ljpeg -lpng -lz -lrt -lm -lboost_thread  -pthread  -lboost_system >&5
configure:10302: $? = 0
configure:10302: ./conftest
configure:10302: $? = 0
configure:10316: result: 4
configure:10330: checking size of long int
configure:10335: g++ -o conftest  -pthread  -pthread -I/usr/include  -I/usr/include  -L/usr/lib/x86_64-linux-gnu  -L/usr/lib conftest.cpp -lXpm  -lSM -lICE -lX11  -ltiff -ljpeg -lpng -lz -lrt -lm -lboost_thread  -pthread  -lboost_system >&5
configure:10335: $? = 0
configure:10335: ./conftest
configure:10335: $? = 0
configure:10349: result: 8
configure:10363: checking size of size_t
configure:10368: g++ -o conftest  -pthread  -pthread -I/usr/include  -I/usr/include  -L/usr/lib/x86_64-linux-gnu  -L/usr/lib conftest.cpp -lXpm  -lSM -lICE -lX11  -ltiff -ljpeg -lpng -lz -lrt -lm -lboost_thread  -pthread  -lboost_system >&5
configure:10368: $? = 0
configure:10368: ./conftest
configure:10368: $? = 0
configure:10382: result: 8
configure:10396: checking size of float
configure:10401: g++ -o conftest  -pthread  -pthread -I/usr/include  -I/usr/include  -L/usr/lib/x86_64-linux-gnu  -L/usr/lib conftest.cpp -lXpm  -lSM -lICE -lX11  -ltiff -ljpeg -lpng -lz -lrt -lm -lboost_thread  -pthread  -lboost_system >&5
configure:10401: $? = 0
configure:10401: ./conftest
configure:10401: $? = 0
configure:10415: result: 4
configure:10436: checking for working memcmp
configure:10479: gcc -o conftest   -pthread -I/usr/include  -I/usr/include  -L/usr/lib/x86_64-linux-gnu  -L/usr/lib conftest.c -lXpm  -lSM -lICE -lX11  -ltiff -ljpeg -lpng -lz -lrt -lm -lboost_thread  -pthread  -lboost_system >&5
configure:10479: $? = 0
configure:10479: ./conftest
configure:10479: $? = 0
configure:10489: result: yes
configure:10509: checking for vsnprintf
configure:10509: g++ -o conftest  -pthread  -pthread -I/usr/include  -I/usr/include  -L/usr/lib/x86_64-linux-gnu  -L/usr/lib conftest.cpp -lXpm  -lSM -lICE -lX11  -ltiff -ljpeg -lpng -lz -lrt -lm -lboost_thread  -pthread  -lboost_system >&5
conftest.cpp:69:6: warning: declaration of 'char vsnprintf()' conflicts with built-in declaration 'int vsnprintf(char*, long unsigned int, const char*, __va_list_tag*)' [-Wbuiltin-declaration-mismatch]
 char vsnprintf ();
      ^~~~~~~~~
configure:10509: $? = 0
configure:10509: result: yes
configure:10538: checking for getcwd
configure:10538: gcc -o conftest   -pthread -I/usr/include  -I/usr/include  -L/usr/lib/x86_64-linux-gnu  -L/usr/lib conftest.c -lXpm  -lSM -lICE -lX11  -ltiff -ljpeg -lpng -lz -lrt -lm -lboost_thread  -pthread  -lboost_system >&5
configure:10538: $? = 0
configure:10538: result: yes
configure:10598: checking for readlink
configure:10598: g++ -o conftest  -pthread  -pthread -I/usr/include  -I/usr/include  -L/usr/lib/x86_64-linux-gnu  -L/usr/lib conftest.cpp -lXpm  -lSM -lICE -lX11  -ltiff -ljpeg -lpng -lz -lrt -lm -lboost_thread  -pthread  -lboost_system >&5
configure:10598: $? = 0
configure:10598: result: yes
configure:10619: checking for nanosleep
configure:10619: g++ -o conftest  -pthread  -pthread -I/usr/include  -I/usr/include  -L/usr/lib/x86_64-linux-gnu  -L/usr/lib conftest.cpp -lXpm  -lSM -lICE -lX11  -ltiff -ljpeg -lpng -lz -lrt -lm -lboost_thread  -pthread  -lboost_system >&5
configure:10619: $? = 0
configure:10619: result: yes
configure:10632: checking for clock_gettime
configure:10632: g++ -o conftest  -pthread  -pthread -I/usr/include  -I/usr/include  -L/usr/lib/x86_64-linux-gnu  -L/usr/lib conftest.cpp -lXpm  -lSM -lICE -lX11  -ltiff -ljpeg -lpng -lz -lrt -lm -lboost_thread  -pthread  -lboost_system >&5
configure:10632: $? = 0
configure:10632: result: yes
configure:10645: checking for getrusage
configure:10645: g++ -o conftest  -pthread  -pthread -I/usr/include  -I/usr/include  -L/usr/lib/x86_64-linux-gnu  -L/usr/lib conftest.cpp -lXpm  -lSM -lICE -lX11  -ltiff -ljpeg -lpng -lz -lrt -lm -lboost_thread  -pthread  -lboost_system >&5
configure:10645: $? = 0
configure:10645: result: yes
configure:10658: checking for gettimeofday
configure:10658: g++ -o conftest  -pthread  -pthread -I/usr/include  -I/usr/include  -L/usr/lib/x86_64-linux-gnu  -L/usr/lib conftest.cpp -lXpm  -lSM -lICE -lX11  -ltiff -ljpeg -lpng -lz -lrt -lm -lboost_thread  -pthread  -lboost_system >&5
configure:10658: $? = 0
configure:10658: result: yes
configure:10671: checking for asinh
configure:10671: g++ -o conftest  -pthread  -pthread -I/usr/include  -I/usr/include  -L/usr/lib/x86_64-linux-gnu  -L/usr/lib conftest.cpp -lXpm  -lSM -lICE -lX11  -ltiff -ljpeg -lpng -lz -lrt -lm -lboost_thread  -pthread  -lboost_system >&5
conftest.cpp:75:6: warning: declaration of 'char asinh()' conflicts with built-in declaration 'double asinh(double)' [-Wbuiltin-declaration-mismatch]
 char asinh ();
      ^~~~~
configure:10671: $? = 0
configure:10671: result: yes
configure:10837: result:
Compiling
---------
configure:10848: checking whether to enable pipes for communications
configure:10854: result: yes
configure:10875: checking whether g++ accepts -pipe
g++  -c conftest.cpp 2> conftest.err0
cat conftest.err0
g++  -pipe -c conftest.cpp 2> conftest.err
cat conftest.err
/bin/grep -E \-p|ipe conftest.err

diff conftest.err0 conftest.err

g++  -pipe conftest.cpp -o conftest 2> conftest.err
cat conftest.err
./conftest 2> conftest.err >&2
cat conftest.err
configure:10937: result: yes
configure:10978: checking whether g++ accepts -Wno-multichar
g++  -pipe -c conftest.cpp 2> conftest.err0
cat conftest.err0
g++  -pipe -Wno-multichar -c conftest.cpp 2> conftest.err
cat conftest.err
/bin/grep -E \-W|no-multichar conftest.err

diff conftest.err0 conftest.err

g++  -pipe -Wno-multichar conftest.cpp -o conftest 2> conftest.err
cat conftest.err
./conftest 2> conftest.err >&2
cat conftest.err
configure:11040: result: yes
configure:11069: checking whether g++ accepts -Wno-write-strings
g++  -pipe -Wno-multichar -c conftest.cpp 2> conftest.err0
cat conftest.err0
g++  -pipe -Wno-multichar -Wno-write-strings -c conftest.cpp 2> conftest.err
cat conftest.err
/bin/grep -E \-W|no-write-strings conftest.err

diff conftest.err0 conftest.err

g++  -pipe -Wno-multichar -Wno-write-strings conftest.cpp -o conftest 2> conftest.err
cat conftest.err
./conftest 2> conftest.err >&2
cat conftest.err
configure:11131: result: yes
configure:11161: checking whether g++ accepts -fno-enforce-eh-specs
g++  -pipe -Wno-multichar -Wno-write-strings -c conftest.cpp 2> conftest.err0
cat conftest.err0
g++  -pipe -Wno-multichar -Wno-write-strings -fno-enforce-eh-specs -c conftest.cpp 2> conftest.err
cat conftest.err
/bin/grep -E \-f|no-enforce-eh-specs conftest.err

diff conftest.err0 conftest.err

g++  -pipe -Wno-multichar -Wno-write-strings -fno-enforce-eh-specs conftest.cpp -o conftest 2> conftest.err
cat conftest.err
./conftest 2> conftest.err >&2
cat conftest.err
configure:11223: result: yes
configure:11252: checking whether g++ accepts -Wno-non-template-friend
g++  -pipe -Wno-multichar -Wno-write-strings -fno-enforce-eh-specs -c conftest.cpp 2> conftest.err0
cat conftest.err0
g++  -pipe -Wno-multichar -Wno-write-strings -fno-enforce-eh-specs -Wno-non-template-friend -c conftest.cpp 2> conftest.err
cat conftest.err
/bin/grep -E \-W|no-non-template-friend conftest.err

diff conftest.err0 conftest.err

g++  -pipe -Wno-multichar -Wno-write-strings -fno-enforce-eh-specs -Wno-non-template-friend conftest.cpp -o conftest 2> conftest.err
cat conftest.err
./conftest 2> conftest.err >&2
cat conftest.err
configure:11314: result: yes
configure:11328: checking whether to enable I/O restrictions
configure:11337: result: yes
configure:11347: checking whether to enable debugging
configure:11449: result: no
configure:11456: checking whether to enable profiling
configure:11649: result: no
configure:11656: checking whether to enable stripping
configure:11667: result: yes
configure:11688: checking whether g++ accepts -s
g++  -pipe -Wno-multichar -Wno-write-strings -fno-enforce-eh-specs -Wno-non-template-friend -c conftest.cpp 2> conftest.err0
cat conftest.err0
g++  -pipe -Wno-multichar -Wno-write-strings -fno-enforce-eh-specs -Wno-non-template-friend -s -c conftest.cpp 2> conftest.err
cat conftest.err
/bin/grep -E \-s|s conftest.err

diff conftest.err0 conftest.err

g++  -pipe -Wno-multichar -Wno-write-strings -fno-enforce-eh-specs -Wno-non-template-friend -s conftest.cpp -o conftest 2> conftest.err
cat conftest.err
./conftest 2> conftest.err >&2
cat conftest.err
configure:11750: result: yes
configure:11767: checking whether to enable optimizations
configure:11772: result: yes
configure:11795: checking whether g++ accepts -O3
g++  -pipe -Wno-multichar -Wno-write-strings -fno-enforce-eh-specs -Wno-non-template-friend -s -c conftest.cpp 2> conftest.err0
cat conftest.err0
g++  -pipe -Wno-multichar -Wno-write-strings -fno-enforce-eh-specs -Wno-non-template-friend -s -O3 -c conftest.cpp 2> conftest.err
cat conftest.err
/bin/grep -E \-O|3 conftest.err

diff conftest.err0 conftest.err

g++  -pipe -Wno-multichar -Wno-write-strings -fno-enforce-eh-specs -Wno-non-template-friend -s -O3 conftest.cpp -o conftest 2> conftest.err
cat conftest.err
./conftest 2> conftest.err >&2
cat conftest.err
configure:11857: result: yes
configure:12258: checking whether g++ accepts -ffast-math
g++  -pipe -Wno-multichar -Wno-write-strings -fno-enforce-eh-specs -Wno-non-template-friend -s -O3 -c conftest.cpp 2> conftest.err0
cat conftest.err0
g++  -pipe -Wno-multichar -Wno-write-strings -fno-enforce-eh-specs -Wno-non-template-friend -s -O3 -ffast-math -c conftest.cpp 2> conftest.err
cat conftest.err
/bin/grep -E \-f|fast-math conftest.err

diff conftest.err0 conftest.err

g++  -pipe -Wno-multichar -Wno-write-strings -fno-enforce-eh-specs -Wno-non-template-friend -s -O3 -ffast-math conftest.cpp -o conftest 2> conftest.err
cat conftest.err
./conftest 2> conftest.err >&2
cat conftest.err
configure:12320: result: yes
configure:12429: checking whether to enable architecture-specific optimizations
configure:12436: result: yes
configure:12655: checking whether g++ accepts -xHost
g++  -pipe -Wno-multichar -Wno-write-strings -fno-enforce-eh-specs -Wno-non-template-friend -s -O3 -ffast-math -c conftest.cpp 2> conftest.err0
cat conftest.err0
g++  -pipe -Wno-multichar -Wno-write-strings -fno-enforce-eh-specs -Wno-non-template-friend -s -O3 -ffast-math -xHost -c conftest.cpp 2> conftest.err
cat conftest.err
g++: error: language Host not recognized
g++: error: language Host not recognized
/bin/grep -E \-x|Host conftest.err
g++: error: language Host not recognized g++: error: language Host not recognized
diff conftest.err0 conftest.err
0a1,2 > g++: error: language Host not recognized > g++: error: language Host not recognized
configure:12717: result: no
configure:12744: checking whether g++ accepts -march=native
g++  -pipe -Wno-multichar -Wno-write-strings -fno-enforce-eh-specs -Wno-non-template-friend -s -O3 -ffast-math -c conftest.cpp 2> conftest.err0
cat conftest.err0
g++  -pipe -Wno-multichar -Wno-write-strings -fno-enforce-eh-specs -Wno-non-template-friend -s -O3 -ffast-math -march=native -c conftest.cpp 2> conftest.err
cat conftest.err
/bin/grep -E \-m|arch=native conftest.err

diff conftest.err0 conftest.err

g++  -pipe -Wno-multichar -Wno-write-strings -fno-enforce-eh-specs -Wno-non-template-friend -s -O3 -ffast-math -march=native conftest.cpp -o conftest 2> conftest.err
cat conftest.err
./conftest 2> conftest.err >&2
cat conftest.err
configure:12806: result: yes
configure:14326: checking which architecture to optimize for
configure:14328: result: x86_64-pc-linux-gnu (using -march=native)
configure:14360: result:
Makefiles
---------
configure:14529: checking that generated files are newer than configure
configure:14535: result: done
configure:14566: creating ./config.status

## ---------------------- ##
## Running config.status. ##
## ---------------------- ##

This file was extended by POV-Ray config.status 3.7.0.8, which was
generated by GNU Autoconf 2.69.  Invocation command line was

  CONFIG_FILES    = 
  CONFIG_HEADERS  = 
  CONFIG_LINKS    = 
  CONFIG_COMMANDS = 
  $ ./config.status 

on raihan

config.status:936: creating Makefile
config.status:936: creating source/Makefile
config.status:936: creating vfe/Makefile
config.status:936: creating unix/Makefile
config.status:936: creating config.h
config.status:1165: executing depfiles commands
configure:15904: result:
===============================================================================
POV-Ray 3.7.0.8 has been configured.

configure:15962: result: Built-in features:
  I/O restrictions:          enabled
  X Window display:          disabled
  Supported image formats:   gif tga iff ppm pgm hdr png jpeg tiff
  Unsupported image formats: openexr

Compilation settings:
  Build architecture:  x86_64-pc-linux-gnu
  Built/Optimized for: x86_64-pc-linux-gnu (using -march=native)
  Compiler vendor:     gnu
  Compiler version:    g++ 7
  Compiler flags:      -pipe -Wno-multichar -Wno-write-strings -fno-enforce-eh-specs -Wno-non-template-friend -s -O3 -ffast-math -march=native -pthread

Type 'make check' to build the program and run a test render.
Type 'make install' to install POV-Ray on your system.

The POV-Ray components will be installed in the following directories:
  Program (executable):       /usr/local/bin
  System configuration files: /usr/local/etc/povray/3.7
  User configuration files:   /home/raihan/.povray/3.7
  Standard include files:     /usr/local/share/povray-3.7/include
  Standard INI files:         /usr/local/share/povray-3.7/ini
  Standard demo scene files:  /usr/local/share/povray-3.7/scenes
  Documentation (text, HTML): /usr/local/share/doc/povray-3.7
  Unix man page:              /usr/local/share/man
===============================================================================


## ---------------- ##
## Cache variables. ##
## ---------------- ##

ac_cv_build=x86_64-pc-linux-gnu
ac_cv_c_compiler_gnu=yes
ac_cv_cxx_compiler_gnu=yes
ac_cv_env_C99_COMPATIBLE_RADIOSITY_set=
ac_cv_env_C99_COMPATIBLE_RADIOSITY_value=
ac_cv_env_CCC_set=
ac_cv_env_CCC_value=
ac_cv_env_CC_set=
ac_cv_env_CC_value=
ac_cv_env_CFLAGS_set=
ac_cv_env_CFLAGS_value=
ac_cv_env_COMPILED_BY_set=set
ac_cv_env_COMPILED_BY_value='Raihan raihantayeb@gmail.com'
ac_cv_env_CPPFLAGS_set=
ac_cv_env_CPPFLAGS_value=
ac_cv_env_CPP_set=
ac_cv_env_CPP_value=
ac_cv_env_CXXCPP_set=
ac_cv_env_CXXCPP_value=
ac_cv_env_CXXFLAGS_set=
ac_cv_env_CXXFLAGS_value=
ac_cv_env_CXX_set=
ac_cv_env_CXX_value=
ac_cv_env_LDFLAGS_set=
ac_cv_env_LDFLAGS_value=
ac_cv_env_LIBS_set=
ac_cv_env_LIBS_value=
ac_cv_env_NON_REDISTRIBUTABLE_BUILD_set=
ac_cv_env_NON_REDISTRIBUTABLE_BUILD_value=
ac_cv_env_XMKMF_set=
ac_cv_env_XMKMF_value=
ac_cv_env_build_alias_set=
ac_cv_env_build_alias_value=
ac_cv_env_host_alias_set=
ac_cv_env_host_alias_value=
ac_cv_env_target_alias_set=
ac_cv_env_target_alias_value=
ac_cv_func_asinh=yes
ac_cv_func_clock_gettime=yes
ac_cv_func_connect=yes
ac_cv_func_getcwd=yes
ac_cv_func_gethostbyname=yes
ac_cv_func_getrusage=yes
ac_cv_func_gettimeofday=yes
ac_cv_func_memcmp_working=yes
ac_cv_func_nanosleep=yes
ac_cv_func_readlink=yes
ac_cv_func_remove=yes
ac_cv_func_shmat=yes
ac_cv_func_vsnprintf=yes
ac_cv_have_x='have_x=yes	ac_x_includes='\''/usr/include'\''	ac_x_libraries='\''/usr/lib'\'''
ac_cv_header_X11_Xlib_h=yes
ac_cv_header_X11_xpm_h=yes
ac_cv_header_inttypes_h=yes
ac_cv_header_jpeglib_h=yes
ac_cv_header_limits_h=yes
ac_cv_header_memory_h=yes
ac_cv_header_png_h=yes
ac_cv_header_stdc=yes
ac_cv_header_stdint_h=yes
ac_cv_header_stdlib_h=yes
ac_cv_header_string_h=yes
ac_cv_header_strings_h=yes
ac_cv_header_sys_resource_h=yes
ac_cv_header_sys_stat_h=yes
ac_cv_header_sys_time_h=yes
ac_cv_header_sys_types_h=yes
ac_cv_header_tiffio_h=yes
ac_cv_header_time=yes
ac_cv_header_time_h=yes
ac_cv_header_unistd_h=yes
ac_cv_header_zlib_h=yes
ac_cv_host=x86_64-pc-linux-gnu
ac_cv_lib_ICE_IceConnectionNumber=yes
ac_cv_lib_X11_XFlush=yes
ac_cv_lib_Xpm_XpmCreatePixmapFromData=yes
ac_cv_lib_boost_thread___exit=yes
ac_cv_lib_m_sin=yes
ac_cv_lib_mkl_sin=no
ac_cv_lib_rt_clock_gettime=yes
ac_cv_objext=o
ac_cv_path_EGREP='/bin/grep -E'
ac_cv_path_GREP=/bin/grep
ac_cv_path_install='/usr/bin/install -c'
ac_cv_path_mkdir=/bin/mkdir
ac_cv_prog_AWK=mawk
ac_cv_prog_CPP='gcc -E'
ac_cv_prog_CXXCPP='g++ -E'
ac_cv_prog_PKGCONFIG=pkg-config
ac_cv_prog_ac_ct_CC=gcc
ac_cv_prog_ac_ct_CXX=g++
ac_cv_prog_ac_ct_RANLIB=ranlib
ac_cv_prog_cc_c89=
ac_cv_prog_cc_g=yes
ac_cv_prog_cxx_g=yes
ac_cv_prog_make_make_set=yes
ac_cv_search_TIFFGetVersion=-ltiff
ac_cv_search_jpeg_std_error=-ljpeg
ac_cv_search_png_get_libpng_ver=-lpng
ac_cv_search_zlibVersion=-lz
ac_cv_sizeof_float=4
ac_cv_sizeof_int=4
ac_cv_sizeof_long_int=8
ac_cv_sizeof_size_t=8
ac_cv_struct_tm=time.h
ac_cv_type_size_t=yes
am_cv_CC_dependencies_compiler_type=gcc3
am_cv_CXX_dependencies_compiler_type=gcc3
am_cv_make_support_nested_variables=yes
am_cv_prog_cc_c_o=yes
ax_cv_boost_thread=yes
ax_cv_cxx_compiler_vendor=gnu
ax_cv_test_cxx_flags_O3=yes
ax_cv_test_cxx_flags_Wno_multichar=yes
ax_cv_test_cxx_flags_Wno_non_template_friend=yes
ax_cv_test_cxx_flags_Wno_write_strings=yes
ax_cv_test_cxx_flags_ffast_math=yes
ax_cv_test_cxx_flags_fno_enforce_eh_specs=yes
ax_cv_test_cxx_flags_march_native=yes
ax_cv_test_cxx_flags_pipe=yes
ax_cv_test_cxx_flags_s=yes
ax_cv_test_cxx_flags_xHost=no

## ----------------- ##
## Output variables. ##
## ----------------- ##

ACLOCAL='${SHELL} "/home/raihan/Desktop/povray-3.7-stable/unix/config"/missing aclocal-1.15'
AMDEPBACKSLASH='\'
AMDEP_FALSE='#'
AMDEP_TRUE=''
AMTAR='$${TAR-tar}'
AM_BACKSLASH='\'
AM_DEFAULT_V='$(AM_DEFAULT_VERBOSITY)'
AM_DEFAULT_VERBOSITY='1'
AM_V='$(V)'
AUTOCONF='${SHELL} "/home/raihan/Desktop/povray-3.7-stable/unix/config"/missing autoconf'
AUTOHEADER='${SHELL} "/home/raihan/Desktop/povray-3.7-stable/unix/config"/missing autoheader'
AUTOMAKE='${SHELL} "/home/raihan/Desktop/povray-3.7-stable/unix/config"/missing automake-1.15'
AWK='mawk'
BOOST_CPPFLAGS='-pthread -I/usr/include'
BOOST_LDFLAGS='-L/usr/lib/x86_64-linux-gnu'
BOOST_THREAD_LIB='-lboost_thread -lboost_system'
C99_COMPATIBLE_RADIOSITY=''
CC='gcc'
CCDEPMODE='depmode=gcc3'
CFLAGS=''
COMPILED_BY='Raihan raihantayeb@gmail.com'
CPLUS_INCLUDE_PATH=''
CPP='gcc -E'
CPPFLAGS=' -pthread -I/usr/include  -I/usr/include'
CXX='g++'
CXXCPP='g++ -E'
CXXDEPMODE='depmode=gcc3'
CXXFLAGS='-pipe -Wno-multichar -Wno-write-strings -fno-enforce-eh-specs -Wno-non-template-friend -s -O3 -ffast-math -march=native -pthread'
CYGPATH_W='echo'
C_INCLUDE_PATH=''
DEFS='-DHAVE_CONFIG_H'
DEPDIR='.deps'
ECHO_C=''
ECHO_N='-n'
ECHO_T=''
EGREP='/bin/grep -E'
EXEEXT=''
GREP='/bin/grep'
INSTALL_DATA='${INSTALL} -m 644'
INSTALL_PROGRAM='${INSTALL}'
INSTALL_SCRIPT='${INSTALL}'
INSTALL_STRIP_PROGRAM='$(install_sh) -c -s'
LDFLAGS=' -L/usr/lib/x86_64-linux-gnu  -L/usr/lib'
LIBOBJS=''
LIBS='-lXpm  -lSM -lICE -lX11  -ltiff -ljpeg -lpng -lz -lrt -lm -lboost_thread  -pthread  -lboost_system'
LTLIBOBJS=''
MAINT='#'
MAINTAINER_MODE_FALSE=''
MAINTAINER_MODE_TRUE='#'
MAKEINFO='${SHELL} "/home/raihan/Desktop/povray-3.7-stable/unix/config"/missing makeinfo'
MKDIR_P='/bin/mkdir -p'
NON_REDISTRIBUTABLE_BUILD=''
OBJEXT='o'
PACKAGE='povray'
PACKAGE_BUGREPORT='unix-bugreports-2011@povray.org'
PACKAGE_NAME='POV-Ray'
PACKAGE_STRING='POV-Ray 3.7.0.8'
PACKAGE_TARNAME='povray'
PACKAGE_URL=''
PACKAGE_VERSION='3.7.0.8'
PATH_SEPARATOR=':'
PKGCONFIG='pkg-config'
PTHREAD_CC='gcc'
PTHREAD_CFLAGS='-pthread'
PTHREAD_LIBS=''
RANLIB='ranlib'
SDLCONFIG=''
SET_MAKE=''
SHELL='/bin/bash'
STRIP=''
VERSION='3.7.0.8'
VERSION_BASE='3.7'
XMKMF=''
X_CFLAGS=' -I/usr/include'
X_EXTRA_LIBS=''
X_LIBS=' -L/usr/lib'
X_PRE_LIBS=' -lSM -lICE'
ac_ct_CC='gcc'
ac_ct_CXX='g++'
acx_pthread_config=''
am__EXEEXT_FALSE=''
am__EXEEXT_TRUE='#'
am__fastdepCC_FALSE='#'
am__fastdepCC_TRUE=''
am__fastdepCXX_FALSE='#'
am__fastdepCXX_TRUE=''
am__include='include'
am__isrc=''
am__leading_dot='.'
am__nodep='_no'
am__quote=''
am__tar='$${TAR-tar} chof - "$$tardir"'
am__untar='$${TAR-tar} xf -'
bindir='${exec_prefix}/bin'
build='x86_64-pc-linux-gnu'
build_alias=''
build_cpu='x86_64'
build_os='linux-gnu'
build_vendor='pc'
datadir='${datarootdir}'
datarootdir='${prefix}/share'
docdir='${datarootdir}/doc/${PACKAGE_TARNAME}'
dvidir='${docdir}'
exec_prefix='${prefix}'
host='x86_64-pc-linux-gnu'
host_alias=''
host_cpu='x86_64'
host_os='linux-gnu'
host_vendor='pc'
htmldir='${docdir}'
includedir='${prefix}/include'
infodir='${datarootdir}/info'
install_sh='${SHELL} /home/raihan/Desktop/povray-3.7-stable/unix/config/install-sh'
libdir='${exec_prefix}/lib'
libexecdir='${exec_prefix}/libexec'
localedir='${datarootdir}/locale'
localstatedir='${prefix}/var'
mandir='${datarootdir}/man'
mkdir_p='$(MKDIR_P)'
oldincludedir='/usr/include'
pdfdir='${docdir}'
povgroup='1000'
povowner='1000'
prefix='/usr/local'
program_transform_name='s,x,x,'
psdir='${docdir}'
runstatedir='${localstatedir}/run'
sbindir='${exec_prefix}/sbin'
sharedstatedir='${prefix}/com'
sysconfdir='${prefix}/etc'
target_alias=''

## ----------- ##
## confdefs.h. ##
## ----------- ##

/* confdefs.h */
#define PACKAGE_NAME "POV-Ray"
#define PACKAGE_TARNAME "povray"
#define PACKAGE_VERSION "3.7.0.8"
#define PACKAGE_STRING "POV-Ray 3.7.0.8"
#define PACKAGE_BUGREPORT "unix-bugreports-2011@povray.org"
#define PACKAGE_URL ""
#define VERSION_BASE "3.7"
#define DISTRIBUTION_MESSAGE_2 " Raihan raihantayeb@gmail.com"
#define PACKAGE "povray"
#define VERSION "3.7.0.8"
#define STDC_HEADERS 1
#define HAVE_SYS_TYPES_H 1
#define HAVE_SYS_STAT_H 1
#define HAVE_STDLIB_H 1
#define HAVE_STRING_H 1
#define HAVE_MEMORY_H 1
#define HAVE_STRINGS_H 1
#define HAVE_INTTYPES_H 1
#define HAVE_STDINT_H 1
#define HAVE_UNISTD_H 1
#define HAVE_STDLIB_H 1
#define BUILD_ARCH "x86_64-pc-linux-gnu"
#define COMPILER_VENDOR "gnu"
#define COMPILER_VERSION "g++ 7"
#define COMPILER_VER " (g++ 7 @ x86_64-pc-linux-gnu)"
#define HAVE_PTHREAD 1
#define HAVE_BOOST /**/
#define HAVE_BOOST_THREAD /**/
#define USE_OFFICIAL_BOOST /**/
#define HAVE_LIBM 1
#define HAVE_LIBRT 1
#define OPENEXR_MISSING /**/
#define HAVE_LIBXPM 1
#define TIME_WITH_SYS_TIME 1
#define HAVE_TIME_H 1
#define HAVE_LIMITS_H 1
#define HAVE_SYS_RESOURCE_H 1
#define HAVE_SYS_TIME_H 1
#define HAVE_UNISTD_H 1
#define SIZEOF_INT 4
#define SIZEOF_LONG_INT 8
#define SIZEOF_SIZE_T 8
#define SIZEOF_FLOAT 4
#define HAVE_GETCWD 1
#define HAVE_READLINK 1
#define HAVE_NANOSLEEP 1
#define HAVE_CLOCK_GETTIME 1
#define HAVE_GETRUSAGE 1
#define HAVE_GETTIMEOFDAY 1
#define HAVE_ASINH 1
#define IO_RESTRICTIONS_DISABLED 0
#define BUILT_FOR "x86_64-pc-linux-gnu (using -march=native)"
#define CXXFLAGS "-pipe -Wno-multichar -Wno-write-strings -fno-enforce-eh-specs -Wno-non-template-friend -s -O3 -ffast-math -march=native -pthread"
#define BUILTIN_IO_RESTRICTIONS "enabled"
#define BUILTIN_XWIN_DISPLAY "disabled"
#define BUILTIN_IMG_FORMATS "gif tga iff ppm pgm hdr png jpeg tiff"
#define MISSING_IMG_FORMATS "openexr"

configure: exit 0
